<?xml version="1.0" encoding="UTF-8"?>
<!-- Generated by org.testng.reporters.JUnitXMLReporter -->
<testsuite ignored="0" hostname="DESKTOP-JIEUPAU" failures="0" tests="1" name="chrometest" time="0.203" errors="0" timestamp="2023-10-10T18:58:55 IST">
  <testcase classname="com.framework.testng.api.base.ProjectSpecificMethods" name="@BeforeMethod preCondition" time="0.133">
    <failure type="java.lang.StackOverflowError">
      <![CDATA[java.lang.StackOverflowError
at com.framework.selenium.api.base.SeleniumBase.takeSnap(SeleniumBase.java:901)
at com.framework.utils.Reporter.reportStep(Reporter.java:81)
at com.framework.utils.Reporter.reportStep(Reporter.java:108)
at com.framework.selenium.api.base.SeleniumBase.takeSnap(SeleniumBase.java:908)
at com.framework.utils.Reporter.reportStep(Reporter.java:81)
at com.framework.utils.Reporter.reportStep(Reporter.java:108)
at com.framework.selenium.api.base.SeleniumBase.takeSnap(SeleniumBase.java:908)
at com.framework.utils.Reporter.reportStep(Reporter.java:81)
at com.framework.utils.Reporter.reportStep(Reporter.java:108)
at com.framework.selenium.api.base.SeleniumBase.takeSnap(SeleniumBase.java:908)
at com.framework.utils.Reporter.reportStep(Reporter.java:81)
at com.framework.utils.Reporter.reportStep(Reporter.java:108)
at com.framework.selenium.api.base.SeleniumBase.takeSnap(SeleniumBase.java:908)
at com.framework.utils.Reporter.reportStep(Reporter.java:81)
at com.framework.utils.Reporter.reportStep(Reporter.java:108)
at com.framework.selenium.api.base.SeleniumBase.takeSnap(SeleniumBase.java:908)
at com.framework.utils.Reporter.reportStep(Reporter.java:81)
at com.framework.utils.Reporter.reportStep(Reporter.java:108)
at com.framework.selenium.api.base.SeleniumBase.takeSnap(SeleniumBase.java:908)
at com.framework.utils.Reporter.reportStep(Reporter.java:81)
at com.framework.utils.Reporter.reportStep(Reporter.java:108)
at com.framework.selenium.api.base.SeleniumBase.takeSnap(SeleniumBase.java:908)
at com.framework.utils.Reporter.reportStep(Reporter.java:81)
at com.framework.utils.Reporter.reportStep(Reporter.java:108)
at com.framework.selenium.api.base.SeleniumBase.takeSnap(SeleniumBase.java:908)
at com.framework.utils.Reporter.reportStep(Reporter.java:81)
at com.framework.utils.Reporter.reportStep(Reporter.java:108)
at com.framework.selenium.api.base.SeleniumBase.takeSnap(SeleniumBase.java:908)
at com.framework.utils.Reporter.reportStep(Reporter.java:81)
at com.framework.utils.Reporter.reportStep(Reporter.java:108)
at com.framework.selenium.api.base.SeleniumBase.takeSnap(SeleniumBase.java:908)
at com.framework.utils.Reporter.reportStep(Reporter.java:81)
at com.framework.utils.Reporter.reportStep(Reporter.java:108)
at com.framework.selenium.api.base.SeleniumBase.takeSnap(SeleniumBase.java:908)
at com.framework.utils.Reporter.reportStep(Reporter.java:81)
at com.framework.utils.Reporter.reportStep(Reporter.java:108)
at com.framework.selenium.api.base.SeleniumBase.takeSnap(SeleniumBase.java:908)
at com.framework.utils.Reporter.reportStep(Reporter.java:81)
at com.framework.utils.Reporter.reportStep(Reporter.java:108)
at com.framework.selenium.api.base.SeleniumBase.takeSnap(SeleniumBase.java:908)
at com.framework.utils.Reporter.reportStep(Reporter.java:81)
at com.framework.utils.Reporter.reportStep(Reporter.java:108)
at com.framework.selenium.api.base.SeleniumBase.takeSnap(SeleniumBase.java:908)
at com.framework.utils.Reporter.reportStep(Reporter.java:81)
at com.framework.utils.Reporter.reportStep(Reporter.java:108)
at com.framework.selenium.api.base.SeleniumBase.takeSnap(SeleniumBase.java:908)
at com.framework.utils.Reporter.reportStep(Reporter.java:81)
at com.framework.utils.Reporter.reportStep(Reporter.java:108)
at com.framework.selenium.api.base.SeleniumBase.takeSnap(SeleniumBase.java:908)
at com.framework.utils.Reporter.reportStep(Reporter.java:81)
at com.framework.utils.Reporter.reportStep(Reporter.java:108)
at com.framework.selenium.api.base.SeleniumBase.takeSnap(SeleniumBase.java:908)
at com.framework.utils.Reporter.reportStep(Reporter.java:81)
at com.framework.utils.Reporter.reportStep(Reporter.java:108)
at com.framework.selenium.api.base.SeleniumBase.takeSnap(SeleniumBase.java:908)
at com.framework.utils.Reporter.reportStep(Reporter.java:81)
at com.framework.utils.Reporter.reportStep(Reporter.java:108)
at com.framework.selenium.api.base.SeleniumBase.takeSnap(SeleniumBase.java:908)
at com.framework.utils.Reporter.reportStep(Reporter.java:81)
at com.framework.utils.Reporter.reportStep(Reporter.java:108)
at com.framework.selenium.api.base.SeleniumBase.takeSnap(SeleniumBase.java:908)
at com.framework.utils.Reporter.reportStep(Reporter.java:81)
at com.framework.utils.Reporter.reportStep(Reporter.java:108)
at com.framework.selenium.api.base.SeleniumBase.takeSnap(SeleniumBase.java:908)
at com.framework.utils.Reporter.reportStep(Reporter.java:81)
at com.framework.utils.Reporter.reportStep(Reporter.java:108)
at com.framework.selenium.api.base.SeleniumBase.takeSnap(SeleniumBase.java:908)
at com.framework.utils.Reporter.reportStep(Reporter.java:81)
at com.framework.utils.Reporter.reportStep(Reporter.java:108)
at com.framework.selenium.api.base.SeleniumBase.takeSnap(SeleniumBase.java:908)
at com.framework.utils.Reporter.reportStep(Reporter.java:81)
at com.framework.utils.Reporter.reportStep(Reporter.java:108)
at com.framework.selenium.api.base.SeleniumBase.takeSnap(SeleniumBase.java:908)
at com.framework.utils.Reporter.reportStep(Reporter.java:81)
at com.framework.utils.Reporter.reportStep(Reporter.java:108)
at com.framework.selenium.api.base.SeleniumBase.takeSnap(SeleniumBase.java:908)
at com.framework.utils.Reporter.reportStep(Reporter.java:81)
at com.framework.utils.Reporter.reportStep(Reporter.java:108)
at com.framework.selenium.api.base.SeleniumBase.takeSnap(SeleniumBase.java:908)
at com.framework.utils.Reporter.reportStep(Reporter.java:81)
at com.framework.utils.Reporter.reportStep(Reporter.java:108)
at com.framework.selenium.api.base.SeleniumBase.takeSnap(SeleniumBase.java:908)
at com.framework.utils.Reporter.reportStep(Reporter.java:81)
at com.framework.utils.Reporter.reportStep(Reporter.java:108)
at com.framework.selenium.api.base.SeleniumBase.takeSnap(SeleniumBase.java:908)
at com.framework.utils.Reporter.reportStep(Reporter.java:81)
at com.framework.utils.Reporter.reportStep(Reporter.java:108)
at com.framework.selenium.api.base.SeleniumBase.takeSnap(SeleniumBase.java:908)
at com.framework.utils.Reporter.reportStep(Reporter.java:81)
at com.framework.utils.Reporter.reportStep(Reporter.java:108)
at com.framework.selenium.api.base.SeleniumBase.takeSnap(SeleniumBase.java:908)
at com.framework.utils.Reporter.reportStep(Reporter.java:81)
at com.framework.utils.Reporter.reportStep(Reporter.java:108)
at com.framework.selenium.api.base.SeleniumBase.takeSnap(SeleniumBase.java:908)
at com.framework.utils.Reporter.reportStep(Reporter.java:81)
at com.framework.utils.Reporter.reportStep(Reporter.java:108)
at com.framework.selenium.api.base.SeleniumBase.takeSnap(SeleniumBase.java:908)
at com.framework.utils.Reporter.reportStep(Reporter.java:81)
at com.framework.utils.Reporter.reportStep(Reporter.java:108)
at com.framework.selenium.api.base.SeleniumBase.takeSnap(SeleniumBase.java:908)
at com.framework.utils.Reporter.reportStep(Reporter.java:81)
at com.framework.utils.Reporter.reportStep(Reporter.java:108)
at com.framework.selenium.api.base.SeleniumBase.takeSnap(SeleniumBase.java:908)
at com.framework.utils.Reporter.reportStep(Reporter.java:81)
at com.framework.utils.Reporter.reportStep(Reporter.java:108)
at com.framework.selenium.api.base.SeleniumBase.takeSnap(SeleniumBase.java:908)
at com.framework.utils.Reporter.reportStep(Reporter.java:81)
at com.framework.utils.Reporter.reportStep(Reporter.java:108)
at com.framework.selenium.api.base.SeleniumBase.takeSnap(SeleniumBase.java:908)
at com.framework.utils.Reporter.reportStep(Reporter.java:81)
at com.framework.utils.Reporter.reportStep(Reporter.java:108)
at com.framework.selenium.api.base.SeleniumBase.takeSnap(SeleniumBase.java:908)
at com.framework.utils.Reporter.reportStep(Reporter.java:81)
at com.framework.utils.Reporter.reportStep(Reporter.java:108)
at com.framework.selenium.api.base.SeleniumBase.takeSnap(SeleniumBase.java:908)
at com.framework.utils.Reporter.reportStep(Reporter.java:81)
at com.framework.utils.Reporter.reportStep(Reporter.java:108)
at com.framework.selenium.api.base.SeleniumBase.takeSnap(SeleniumBase.java:908)
at com.framework.utils.Reporter.reportStep(Reporter.java:81)
at com.framework.utils.Reporter.reportStep(Reporter.java:108)
at com.framework.selenium.api.base.SeleniumBase.takeSnap(SeleniumBase.java:908)
at com.framework.utils.Reporter.reportStep(Reporter.java:81)
at com.framework.utils.Reporter.reportStep(Reporter.java:108)
at com.framework.selenium.api.base.SeleniumBase.takeSnap(SeleniumBase.java:908)
at com.framework.utils.Reporter.reportStep(Reporter.java:81)
at com.framework.utils.Reporter.reportStep(Reporter.java:108)
at com.framework.selenium.api.base.SeleniumBase.takeSnap(SeleniumBase.java:908)
at com.framework.utils.Reporter.reportStep(Reporter.java:81)
at com.framework.utils.Reporter.reportStep(Reporter.java:108)
at com.framework.selenium.api.base.SeleniumBase.takeSnap(SeleniumBase.java:908)
at com.framework.utils.Reporter.reportStep(Reporter.java:81)
at com.framework.utils.Reporter.reportStep(Reporter.java:108)
at com.framework.selenium.api.base.SeleniumBase.takeSnap(SeleniumBase.java:908)
at com.framework.utils.Reporter.reportStep(Reporter.java:81)
at com.framework.utils.Reporter.reportStep(Reporter.java:108)
at com.framework.selenium.api.base.SeleniumBase.takeSnap(SeleniumBase.java:908)
at com.framework.utils.Reporter.reportStep(Reporter.java:81)
at com.framework.utils.Reporter.reportStep(Reporter.java:108)
at com.framework.selenium.api.base.SeleniumBase.takeSnap(SeleniumBase.java:908)
at com.framework.utils.Reporter.reportStep(Reporter.java:81)
at com.framework.utils.Reporter.reportStep(Reporter.java:108)
at com.framework.selenium.api.base.SeleniumBase.takeSnap(SeleniumBase.java:908)
at com.framework.utils.Reporter.reportStep(Reporter.java:81)
at com.framework.utils.Reporter.reportStep(Reporter.java:108)
at com.framework.selenium.api.base.SeleniumBase.takeSnap(SeleniumBase.java:908)
at com.framework.utils.Reporter.reportStep(Reporter.java:81)
at com.framework.utils.Reporter.reportStep(Reporter.java:108)
at com.framework.selenium.api.base.SeleniumBase.takeSnap(SeleniumBase.java:908)
at com.framework.utils.Reporter.reportStep(Reporter.java:81)
at com.framework.utils.Reporter.reportStep(Reporter.java:108)
at com.framework.selenium.api.base.SeleniumBase.takeSnap(SeleniumBase.java:908)
at com.framework.utils.Reporter.reportStep(Reporter.java:81)
at com.framework.utils.Reporter.reportStep(Reporter.java:108)
at com.framework.selenium.api.base.SeleniumBase.takeSnap(SeleniumBase.java:908)
at com.framework.utils.Reporter.reportStep(Reporter.java:81)
at com.framework.utils.Reporter.reportStep(Reporter.java:108)
at com.framework.selenium.api.base.SeleniumBase.takeSnap(SeleniumBase.java:908)
at com.framework.utils.Reporter.reportStep(Reporter.java:81)
at com.framework.utils.Reporter.reportStep(Reporter.java:108)
at com.framework.selenium.api.base.SeleniumBase.takeSnap(SeleniumBase.java:908)
at com.framework.utils.Reporter.reportStep(Reporter.java:81)
at com.framework.utils.Reporter.reportStep(Reporter.java:108)
at com.framework.selenium.api.base.SeleniumBase.takeSnap(SeleniumBase.java:908)
at com.framework.utils.Reporter.reportStep(Reporter.java:81)
at com.framework.utils.Reporter.reportStep(Reporter.java:108)
at com.framework.selenium.api.base.SeleniumBase.takeSnap(SeleniumBase.java:908)
at com.framework.utils.Reporter.reportStep(Reporter.java:81)
at com.framework.utils.Reporter.reportStep(Reporter.java:108)
at com.framework.selenium.api.base.SeleniumBase.takeSnap(SeleniumBase.java:908)
at com.framework.utils.Reporter.reportStep(Reporter.java:81)
at com.framework.utils.Reporter.reportStep(Reporter.java:108)
at com.framework.selenium.api.base.SeleniumBase.takeSnap(SeleniumBase.java:908)
at com.framework.utils.Reporter.reportStep(Reporter.java:81)
at com.framework.utils.Reporter.reportStep(Reporter.java:108)
at com.framework.selenium.api.base.SeleniumBase.takeSnap(SeleniumBase.java:908)
at com.framework.utils.Reporter.reportStep(Reporter.java:81)
at com.framework.utils.Reporter.reportStep(Reporter.java:108)
at com.framework.selenium.api.base.SeleniumBase.takeSnap(SeleniumBase.java:908)
at com.framework.utils.Reporter.reportStep(Reporter.java:81)
at com.framework.utils.Reporter.reportStep(Reporter.java:108)
at com.framework.selenium.api.base.SeleniumBase.takeSnap(SeleniumBase.java:908)
at com.framework.utils.Reporter.reportStep(Reporter.java:81)
at com.framework.utils.Reporter.reportStep(Reporter.java:108)
at com.framework.selenium.api.base.SeleniumBase.takeSnap(SeleniumBase.java:908)
at com.framework.utils.Reporter.reportStep(Reporter.java:81)
at com.framework.utils.Reporter.reportStep(Reporter.java:108)
at com.framework.selenium.api.base.SeleniumBase.takeSnap(SeleniumBase.java:908)
at com.framework.utils.Reporter.reportStep(Reporter.java:81)
at com.framework.utils.Reporter.reportStep(Reporter.java:108)
at com.framework.selenium.api.base.SeleniumBase.takeSnap(SeleniumBase.java:908)
at com.framework.utils.Reporter.reportStep(Reporter.java:81)
at com.framework.utils.Reporter.reportStep(Reporter.java:108)
at com.framework.selenium.api.base.SeleniumBase.takeSnap(SeleniumBase.java:908)
at com.framework.utils.Reporter.reportStep(Reporter.java:81)
at com.framework.utils.Reporter.reportStep(Reporter.java:108)
at com.framework.selenium.api.base.SeleniumBase.takeSnap(SeleniumBase.java:908)
at com.framework.utils.Reporter.reportStep(Reporter.java:81)
at com.framework.utils.Reporter.reportStep(Reporter.java:108)
at com.framework.selenium.api.base.SeleniumBase.takeSnap(SeleniumBase.java:908)
at com.framework.utils.Reporter.reportStep(Reporter.java:81)
at com.framework.utils.Reporter.reportStep(Reporter.java:108)
at com.framework.selenium.api.base.SeleniumBase.takeSnap(SeleniumBase.java:908)
at com.framework.utils.Reporter.reportStep(Reporter.java:81)
at com.framework.utils.Reporter.reportStep(Reporter.java:108)
at com.framework.selenium.api.base.SeleniumBase.takeSnap(SeleniumBase.java:908)
at com.framework.utils.Reporter.reportStep(Reporter.java:81)
at com.framework.utils.Reporter.reportStep(Reporter.java:108)
at com.framework.selenium.api.base.SeleniumBase.takeSnap(SeleniumBase.java:908)
at com.framework.utils.Reporter.reportStep(Reporter.java:81)
at com.framework.utils.Reporter.reportStep(Reporter.java:108)
at com.framework.selenium.api.base.SeleniumBase.takeSnap(SeleniumBase.java:908)
at com.framework.utils.Reporter.reportStep(Reporter.java:81)
at com.framework.utils.Reporter.reportStep(Reporter.java:108)
at com.framework.selenium.api.base.SeleniumBase.takeSnap(SeleniumBase.java:908)
at com.framework.utils.Reporter.reportStep(Reporter.java:81)
at com.framework.utils.Reporter.reportStep(Reporter.java:108)
at com.framework.selenium.api.base.SeleniumBase.takeSnap(SeleniumBase.java:908)
at com.framework.utils.Reporter.reportStep(Reporter.java:81)
at com.framework.utils.Reporter.reportStep(Reporter.java:108)
at com.framework.selenium.api.base.SeleniumBase.takeSnap(SeleniumBase.java:908)
at com.framework.utils.Reporter.reportStep(Reporter.java:81)
at com.framework.utils.Reporter.reportStep(Reporter.java:108)
at com.framework.selenium.api.base.SeleniumBase.takeSnap(SeleniumBase.java:908)
at com.framework.utils.Reporter.reportStep(Reporter.java:81)
at com.framework.utils.Reporter.reportStep(Reporter.java:108)
at com.framework.selenium.api.base.SeleniumBase.takeSnap(SeleniumBase.java:908)
at com.framework.utils.Reporter.reportStep(Reporter.java:81)
at com.framework.utils.Reporter.reportStep(Reporter.java:108)
at com.framework.selenium.api.base.SeleniumBase.takeSnap(SeleniumBase.java:908)
at com.framework.utils.Reporter.reportStep(Reporter.java:81)
at com.framework.utils.Reporter.reportStep(Reporter.java:108)
at com.framework.selenium.api.base.SeleniumBase.takeSnap(SeleniumBase.java:908)
at com.framework.utils.Reporter.reportStep(Reporter.java:81)
at com.framework.utils.Reporter.reportStep(Reporter.java:108)
at com.framework.selenium.api.base.SeleniumBase.takeSnap(SeleniumBase.java:908)
at com.framework.utils.Reporter.reportStep(Reporter.java:81)
at com.framework.utils.Reporter.reportStep(Reporter.java:108)
at com.framework.selenium.api.base.SeleniumBase.takeSnap(SeleniumBase.java:908)
at com.framework.utils.Reporter.reportStep(Reporter.java:81)
at com.framework.utils.Reporter.reportStep(Reporter.java:108)
at com.framework.selenium.api.base.SeleniumBase.takeSnap(SeleniumBase.java:908)
at com.framework.utils.Reporter.reportStep(Reporter.java:81)
at com.framework.utils.Reporter.reportStep(Reporter.java:108)
at com.framework.selenium.api.base.SeleniumBase.takeSnap(SeleniumBase.java:908)
at com.framework.utils.Reporter.reportStep(Reporter.java:81)
at com.framework.utils.Reporter.reportStep(Reporter.java:108)
at com.framework.selenium.api.base.SeleniumBase.takeSnap(SeleniumBase.java:908)
at com.framework.utils.Reporter.reportStep(Reporter.java:81)
at com.framework.utils.Reporter.reportStep(Reporter.java:108)
at com.framework.selenium.api.base.SeleniumBase.takeSnap(SeleniumBase.java:908)
at com.framework.utils.Reporter.reportStep(Reporter.java:81)
at com.framework.utils.Reporter.reportStep(Reporter.java:108)
at com.framework.selenium.api.base.SeleniumBase.takeSnap(SeleniumBase.java:908)
at com.framework.utils.Reporter.reportStep(Reporter.java:81)
at com.framework.utils.Reporter.reportStep(Reporter.java:108)
at com.framework.selenium.api.base.SeleniumBase.takeSnap(SeleniumBase.java:908)
at com.framework.utils.Reporter.reportStep(Reporter.java:81)
at com.framework.utils.Reporter.reportStep(Reporter.java:108)
at com.framework.selenium.api.base.SeleniumBase.takeSnap(SeleniumBase.java:908)
at com.framework.utils.Reporter.reportStep(Reporter.java:81)
at com.framework.utils.Reporter.reportStep(Reporter.java:108)
at com.framework.selenium.api.base.SeleniumBase.takeSnap(SeleniumBase.java:908)
at com.framework.utils.Reporter.reportStep(Reporter.java:81)
at com.framework.utils.Reporter.reportStep(Reporter.java:108)
at com.framework.selenium.api.base.SeleniumBase.takeSnap(SeleniumBase.java:908)
at com.framework.utils.Reporter.reportStep(Reporter.java:81)
at com.framework.utils.Reporter.reportStep(Reporter.java:108)
at com.framework.selenium.api.base.SeleniumBase.takeSnap(SeleniumBase.java:908)
at com.framework.utils.Reporter.reportStep(Reporter.java:81)
at com.framework.utils.Reporter.reportStep(Reporter.java:108)
at com.framework.selenium.api.base.SeleniumBase.takeSnap(SeleniumBase.java:908)
at com.framework.utils.Reporter.reportStep(Reporter.java:81)
at com.framework.utils.Reporter.reportStep(Reporter.java:108)
at com.framework.selenium.api.base.SeleniumBase.takeSnap(SeleniumBase.java:908)
at com.framework.utils.Reporter.reportStep(Reporter.java:81)
at com.framework.utils.Reporter.reportStep(Reporter.java:108)
at com.framework.selenium.api.base.SeleniumBase.takeSnap(SeleniumBase.java:908)
at com.framework.utils.Reporter.reportStep(Reporter.java:81)
at com.framework.utils.Reporter.reportStep(Reporter.java:108)
at com.framework.selenium.api.base.SeleniumBase.takeSnap(SeleniumBase.java:908)
at com.framework.utils.Reporter.reportStep(Reporter.java:81)
at com.framework.utils.Reporter.reportStep(Reporter.java:108)
at com.framework.selenium.api.base.SeleniumBase.takeSnap(SeleniumBase.java:908)
at com.framework.utils.Reporter.reportStep(Reporter.java:81)
at com.framework.utils.Reporter.reportStep(Reporter.java:108)
at com.framework.selenium.api.base.SeleniumBase.takeSnap(SeleniumBase.java:908)
at com.framework.utils.Reporter.reportStep(Reporter.java:81)
at com.framework.utils.Reporter.reportStep(Reporter.java:108)
at com.framework.selenium.api.base.SeleniumBase.takeSnap(SeleniumBase.java:908)
at com.framework.utils.Reporter.reportStep(Reporter.java:81)
at com.framework.utils.Reporter.reportStep(Reporter.java:108)
at com.framework.selenium.api.base.SeleniumBase.takeSnap(SeleniumBase.java:908)
at com.framework.utils.Reporter.reportStep(Reporter.java:81)
at com.framework.utils.Reporter.reportStep(Reporter.java:108)
at com.framework.selenium.api.base.SeleniumBase.takeSnap(SeleniumBase.java:908)
at com.framework.utils.Reporter.reportStep(Reporter.java:81)
at com.framework.utils.Reporter.reportStep(Reporter.java:108)
at com.framework.selenium.api.base.SeleniumBase.takeSnap(SeleniumBase.java:908)
at com.framework.utils.Reporter.reportStep(Reporter.java:81)
at com.framework.utils.Reporter.reportStep(Reporter.java:108)
at com.framework.selenium.api.base.SeleniumBase.takeSnap(SeleniumBase.java:908)
at com.framework.utils.Reporter.reportStep(Reporter.java:81)
at com.framework.utils.Reporter.reportStep(Reporter.java:108)
at com.framework.selenium.api.base.SeleniumBase.takeSnap(SeleniumBase.java:908)
at com.framework.utils.Reporter.reportStep(Reporter.java:81)
at com.framework.utils.Reporter.reportStep(Reporter.java:108)
at com.framework.selenium.api.base.SeleniumBase.takeSnap(SeleniumBase.java:908)
at com.framework.utils.Reporter.reportStep(Reporter.java:81)
at com.framework.utils.Reporter.reportStep(Reporter.java:108)
at com.framework.selenium.api.base.SeleniumBase.takeSnap(SeleniumBase.java:908)
at com.framework.utils.Reporter.reportStep(Reporter.java:81)
at com.framework.utils.Reporter.reportStep(Reporter.java:108)
at com.framework.selenium.api.base.SeleniumBase.takeSnap(SeleniumBase.java:908)
at com.framework.utils.Reporter.reportStep(Reporter.java:81)
at com.framework.utils.Reporter.reportStep(Reporter.java:108)
at com.framework.selenium.api.base.SeleniumBase.takeSnap(SeleniumBase.java:908)
at com.framework.utils.Reporter.reportStep(Reporter.java:81)
at com.framework.utils.Reporter.reportStep(Reporter.java:108)
at com.framework.selenium.api.base.SeleniumBase.takeSnap(SeleniumBase.java:908)
at com.framework.utils.Reporter.reportStep(Reporter.java:81)
at com.framework.utils.Reporter.reportStep(Reporter.java:108)
at com.framework.selenium.api.base.SeleniumBase.takeSnap(SeleniumBase.java:908)
at com.framework.utils.Reporter.reportStep(Reporter.java:81)
at com.framework.utils.Reporter.reportStep(Reporter.java:108)
at com.framework.selenium.api.base.SeleniumBase.takeSnap(SeleniumBase.java:908)
at com.framework.utils.Reporter.reportStep(Reporter.java:81)
at com.framework.utils.Reporter.reportStep(Reporter.java:108)
at com.framework.selenium.api.base.SeleniumBase.takeSnap(SeleniumBase.java:908)
at com.framework.utils.Reporter.reportStep(Reporter.java:81)
at com.framework.utils.Reporter.reportStep(Reporter.java:108)
at com.framework.selenium.api.base.SeleniumBase.takeSnap(SeleniumBase.java:908)
at com.framework.utils.Reporter.reportStep(Reporter.java:81)
at com.framework.utils.Reporter.reportStep(Reporter.java:108)
at com.framework.selenium.api.base.SeleniumBase.takeSnap(SeleniumBase.java:908)
at com.framework.utils.Reporter.reportStep(Reporter.java:81)
at com.framework.utils.Reporter.reportStep(Reporter.java:108)
at com.framework.selenium.api.base.SeleniumBase.takeSnap(SeleniumBase.java:908)
at com.framework.utils.Reporter.reportStep(Reporter.java:81)
at com.framework.utils.Reporter.reportStep(Reporter.java:108)
at com.framework.selenium.api.base.SeleniumBase.takeSnap(SeleniumBase.java:908)
at com.framework.utils.Reporter.reportStep(Reporter.java:81)
at com.framework.utils.Reporter.reportStep(Reporter.java:108)
at com.framework.selenium.api.base.SeleniumBase.takeSnap(SeleniumBase.java:908)
at com.framework.utils.Reporter.reportStep(Reporter.java:81)
at com.framework.utils.Reporter.reportStep(Reporter.java:108)
at com.framework.selenium.api.base.SeleniumBase.takeSnap(SeleniumBase.java:908)
at com.framework.utils.Reporter.reportStep(Reporter.java:81)
at com.framework.utils.Reporter.reportStep(Reporter.java:108)
at com.framework.selenium.api.base.SeleniumBase.takeSnap(SeleniumBase.java:908)
at com.framework.utils.Reporter.reportStep(Reporter.java:81)
at com.framework.utils.Reporter.reportStep(Reporter.java:108)
at com.framework.selenium.api.base.SeleniumBase.takeSnap(SeleniumBase.java:908)
at com.framework.utils.Reporter.reportStep(Reporter.java:81)
at com.framework.utils.Reporter.reportStep(Reporter.java:108)
at com.framework.selenium.api.base.SeleniumBase.takeSnap(SeleniumBase.java:908)
at com.framework.utils.Reporter.reportStep(Reporter.java:81)
at com.framework.utils.Reporter.reportStep(Reporter.java:108)
at com.framework.selenium.api.base.SeleniumBase.takeSnap(SeleniumBase.java:908)
at com.framework.utils.Reporter.reportStep(Reporter.java:81)
at com.framework.utils.Reporter.reportStep(Reporter.java:108)
at com.framework.selenium.api.base.SeleniumBase.takeSnap(SeleniumBase.java:908)
at com.framework.utils.Reporter.reportStep(Reporter.java:81)
at com.framework.utils.Reporter.reportStep(Reporter.java:108)
at com.framework.selenium.api.base.SeleniumBase.takeSnap(SeleniumBase.java:908)
at com.framework.utils.Reporter.reportStep(Reporter.java:81)
at com.framework.utils.Reporter.reportStep(Reporter.java:108)
at com.framework.selenium.api.base.SeleniumBase.takeSnap(SeleniumBase.java:908)
at com.framework.utils.Reporter.reportStep(Reporter.java:81)
at com.framework.utils.Reporter.reportStep(Reporter.java:108)
at com.framework.selenium.api.base.SeleniumBase.takeSnap(SeleniumBase.java:908)
at com.framework.utils.Reporter.reportStep(Reporter.java:81)
at com.framework.utils.Reporter.reportStep(Reporter.java:108)
at com.framework.selenium.api.base.SeleniumBase.takeSnap(SeleniumBase.java:908)
at com.framework.utils.Reporter.reportStep(Reporter.java:81)
at com.framework.utils.Reporter.reportStep(Reporter.java:108)
at com.framework.selenium.api.base.SeleniumBase.takeSnap(SeleniumBase.java:908)
at com.framework.utils.Reporter.reportStep(Reporter.java:81)
at com.framework.utils.Reporter.reportStep(Reporter.java:108)
at com.framework.selenium.api.base.SeleniumBase.takeSnap(SeleniumBase.java:908)
at com.framework.utils.Reporter.reportStep(Reporter.java:81)
at com.framework.utils.Reporter.reportStep(Reporter.java:108)
at com.framework.selenium.api.base.SeleniumBase.takeSnap(SeleniumBase.java:908)
at com.framework.utils.Reporter.reportStep(Reporter.java:81)
at com.framework.utils.Reporter.reportStep(Reporter.java:108)
at com.framework.selenium.api.base.SeleniumBase.takeSnap(SeleniumBase.java:908)
at com.framework.utils.Reporter.reportStep(Reporter.java:81)
at com.framework.utils.Reporter.reportStep(Reporter.java:108)
at com.framework.selenium.api.base.SeleniumBase.takeSnap(SeleniumBase.java:908)
at com.framework.utils.Reporter.reportStep(Reporter.java:81)
at com.framework.utils.Reporter.reportStep(Reporter.java:108)
at com.framework.selenium.api.base.SeleniumBase.takeSnap(SeleniumBase.java:908)
at com.framework.utils.Reporter.reportStep(Reporter.java:81)
at com.framework.utils.Reporter.reportStep(Reporter.java:108)
at com.framework.selenium.api.base.SeleniumBase.takeSnap(SeleniumBase.java:908)
at com.framework.utils.Reporter.reportStep(Reporter.java:81)
at com.framework.utils.Reporter.reportStep(Reporter.java:108)
at com.framework.selenium.api.base.SeleniumBase.takeSnap(SeleniumBase.java:908)
at com.framework.utils.Reporter.reportStep(Reporter.java:81)
at com.framework.utils.Reporter.reportStep(Reporter.java:108)
at com.framework.selenium.api.base.SeleniumBase.takeSnap(SeleniumBase.java:908)
at com.framework.utils.Reporter.reportStep(Reporter.java:81)
at com.framework.utils.Reporter.reportStep(Reporter.java:108)
at com.framework.selenium.api.base.SeleniumBase.takeSnap(SeleniumBase.java:908)
at com.framework.utils.Reporter.reportStep(Reporter.java:81)
at com.framework.utils.Reporter.reportStep(Reporter.java:108)
at com.framework.selenium.api.base.SeleniumBase.takeSnap(SeleniumBase.java:908)
at com.framework.utils.Reporter.reportStep(Reporter.java:81)
at com.framework.utils.Reporter.reportStep(Reporter.java:108)
at com.framework.selenium.api.base.SeleniumBase.takeSnap(SeleniumBase.java:908)
at com.framework.utils.Reporter.reportStep(Reporter.java:81)
at com.framework.utils.Reporter.reportStep(Reporter.java:108)
at com.framework.selenium.api.base.SeleniumBase.takeSnap(SeleniumBase.java:908)
at com.framework.utils.Reporter.reportStep(Reporter.java:81)
at com.framework.utils.Reporter.reportStep(Reporter.java:108)
at com.framework.selenium.api.base.SeleniumBase.takeSnap(SeleniumBase.java:908)
at com.framework.utils.Reporter.reportStep(Reporter.java:81)
at com.framework.utils.Reporter.reportStep(Reporter.java:108)
at com.framework.selenium.api.base.SeleniumBase.takeSnap(SeleniumBase.java:908)
at com.framework.utils.Reporter.reportStep(Reporter.java:81)
at com.framework.utils.Reporter.reportStep(Reporter.java:108)
at com.framework.selenium.api.base.SeleniumBase.takeSnap(SeleniumBase.java:908)
at com.framework.utils.Reporter.reportStep(Reporter.java:81)
at com.framework.utils.Reporter.reportStep(Reporter.java:108)
at com.framework.selenium.api.base.SeleniumBase.takeSnap(SeleniumBase.java:908)
at com.framework.utils.Reporter.reportStep(Reporter.java:81)
at com.framework.utils.Reporter.reportStep(Reporter.java:108)
at com.framework.selenium.api.base.SeleniumBase.takeSnap(SeleniumBase.java:908)
at com.framework.utils.Reporter.reportStep(Reporter.java:81)
at com.framework.utils.Reporter.reportStep(Reporter.java:108)
at com.framework.selenium.api.base.SeleniumBase.takeSnap(SeleniumBase.java:908)
at com.framework.utils.Reporter.reportStep(Reporter.java:81)
at com.framework.utils.Reporter.reportStep(Reporter.java:108)
at com.framework.selenium.api.base.SeleniumBase.takeSnap(SeleniumBase.java:908)
at com.framework.utils.Reporter.reportStep(Reporter.java:81)
at com.framework.utils.Reporter.reportStep(Reporter.java:108)
at com.framework.selenium.api.base.SeleniumBase.takeSnap(SeleniumBase.java:908)
at com.framework.utils.Reporter.reportStep(Reporter.java:81)
at com.framework.utils.Reporter.reportStep(Reporter.java:108)
at com.framework.selenium.api.base.SeleniumBase.takeSnap(SeleniumBase.java:908)
at com.framework.utils.Reporter.reportStep(Reporter.java:81)
at com.framework.utils.Reporter.reportStep(Reporter.java:108)
at com.framework.selenium.api.base.SeleniumBase.takeSnap(SeleniumBase.java:908)
at com.framework.utils.Reporter.reportStep(Reporter.java:81)
at com.framework.utils.Reporter.reportStep(Reporter.java:108)
at com.framework.selenium.api.base.SeleniumBase.takeSnap(SeleniumBase.java:908)
at com.framework.utils.Reporter.reportStep(Reporter.java:81)
at com.framework.utils.Reporter.reportStep(Reporter.java:108)
at com.framework.selenium.api.base.SeleniumBase.takeSnap(SeleniumBase.java:908)
at com.framework.utils.Reporter.reportStep(Reporter.java:81)
at com.framework.utils.Reporter.reportStep(Reporter.java:108)
at com.framework.selenium.api.base.SeleniumBase.takeSnap(SeleniumBase.java:908)
at com.framework.utils.Reporter.reportStep(Reporter.java:81)
at com.framework.utils.Reporter.reportStep(Reporter.java:108)
at com.framework.selenium.api.base.SeleniumBase.takeSnap(SeleniumBase.java:908)
at com.framework.utils.Reporter.reportStep(Reporter.java:81)
at com.framework.utils.Reporter.reportStep(Reporter.java:108)
at com.framework.selenium.api.base.SeleniumBase.takeSnap(SeleniumBase.java:908)
at com.framework.utils.Reporter.reportStep(Reporter.java:81)
at com.framework.utils.Reporter.reportStep(Reporter.java:108)
at com.framework.selenium.api.base.SeleniumBase.takeSnap(SeleniumBase.java:908)
at com.framework.utils.Reporter.reportStep(Reporter.java:81)
at com.framework.utils.Reporter.reportStep(Reporter.java:108)
at com.framework.selenium.api.base.SeleniumBase.takeSnap(SeleniumBase.java:908)
at com.framework.utils.Reporter.reportStep(Reporter.java:81)
at com.framework.utils.Reporter.reportStep(Reporter.java:108)
at com.framework.selenium.api.base.SeleniumBase.takeSnap(SeleniumBase.java:908)
at com.framework.utils.Reporter.reportStep(Reporter.java:81)
at com.framework.utils.Reporter.reportStep(Reporter.java:108)
at com.framework.selenium.api.base.SeleniumBase.takeSnap(SeleniumBase.java:908)
at com.framework.utils.Reporter.reportStep(Reporter.java:81)
at com.framework.utils.Reporter.reportStep(Reporter.java:108)
at com.framework.selenium.api.base.SeleniumBase.takeSnap(SeleniumBase.java:908)
at com.framework.utils.Reporter.reportStep(Reporter.java:81)
at com.framework.utils.Reporter.reportStep(Reporter.java:108)
at com.framework.selenium.api.base.SeleniumBase.takeSnap(SeleniumBase.java:908)
at com.framework.utils.Reporter.reportStep(Reporter.java:81)
at com.framework.utils.Reporter.reportStep(Reporter.java:108)
at com.framework.selenium.api.base.SeleniumBase.takeSnap(SeleniumBase.java:908)
at com.framework.utils.Reporter.reportStep(Reporter.java:81)
at com.framework.utils.Reporter.reportStep(Reporter.java:108)
at com.framework.selenium.api.base.SeleniumBase.takeSnap(SeleniumBase.java:908)
at com.framework.utils.Reporter.reportStep(Reporter.java:81)
at com.framework.utils.Reporter.reportStep(Reporter.java:108)
at com.framework.selenium.api.base.SeleniumBase.takeSnap(SeleniumBase.java:908)
at com.framework.utils.Reporter.reportStep(Reporter.java:81)
at com.framework.utils.Reporter.reportStep(Reporter.java:108)
at com.framework.selenium.api.base.SeleniumBase.takeSnap(SeleniumBase.java:908)
at com.framework.utils.Reporter.reportStep(Reporter.java:81)
at com.framework.utils.Reporter.reportStep(Reporter.java:108)
at com.framework.selenium.api.base.SeleniumBase.takeSnap(SeleniumBase.java:908)
at com.framework.utils.Reporter.reportStep(Reporter.java:81)
at com.framework.utils.Reporter.reportStep(Reporter.java:108)
at com.framework.selenium.api.base.SeleniumBase.takeSnap(SeleniumBase.java:908)
at com.framework.utils.Reporter.reportStep(Reporter.java:81)
at com.framework.utils.Reporter.reportStep(Reporter.java:108)
at com.framework.selenium.api.base.SeleniumBase.takeSnap(SeleniumBase.java:908)
at com.framework.utils.Reporter.reportStep(Reporter.java:81)
at com.framework.utils.Reporter.reportStep(Reporter.java:108)
at com.framework.selenium.api.base.SeleniumBase.takeSnap(SeleniumBase.java:908)
at com.framework.utils.Reporter.reportStep(Reporter.java:81)
at com.framework.utils.Reporter.reportStep(Reporter.java:108)
at com.framework.selenium.api.base.SeleniumBase.takeSnap(SeleniumBase.java:908)
at com.framework.utils.Reporter.reportStep(Reporter.java:81)
at com.framework.utils.Reporter.reportStep(Reporter.java:108)
at com.framework.selenium.api.base.SeleniumBase.takeSnap(SeleniumBase.java:908)
at com.framework.utils.Reporter.reportStep(Reporter.java:81)
at com.framework.utils.Reporter.reportStep(Reporter.java:108)
at com.framework.selenium.api.base.SeleniumBase.takeSnap(SeleniumBase.java:908)
at com.framework.utils.Reporter.reportStep(Reporter.java:81)
at com.framework.utils.Reporter.reportStep(Reporter.java:108)
at com.framework.selenium.api.base.SeleniumBase.takeSnap(SeleniumBase.java:908)
at com.framework.utils.Reporter.reportStep(Reporter.java:81)
at com.framework.utils.Reporter.reportStep(Reporter.java:108)
at com.framework.selenium.api.base.SeleniumBase.takeSnap(SeleniumBase.java:908)
at com.framework.utils.Reporter.reportStep(Reporter.java:81)
at com.framework.utils.Reporter.reportStep(Reporter.java:108)
at com.framework.selenium.api.base.SeleniumBase.takeSnap(SeleniumBase.java:908)
at com.framework.utils.Reporter.reportStep(Reporter.java:81)
at com.framework.utils.Reporter.reportStep(Reporter.java:108)
at com.framework.selenium.api.base.SeleniumBase.takeSnap(SeleniumBase.java:908)
at com.framework.utils.Reporter.reportStep(Reporter.java:81)
at com.framework.utils.Reporter.reportStep(Reporter.java:108)
at com.framework.selenium.api.base.SeleniumBase.takeSnap(SeleniumBase.java:908)
at com.framework.utils.Reporter.reportStep(Reporter.java:81)
at com.framework.utils.Reporter.reportStep(Reporter.java:108)
at com.framework.selenium.api.base.SeleniumBase.takeSnap(SeleniumBase.java:908)
at com.framework.utils.Reporter.reportStep(Reporter.java:81)
at com.framework.utils.Reporter.reportStep(Reporter.java:108)
at com.framework.selenium.api.base.SeleniumBase.takeSnap(SeleniumBase.java:908)
at com.framework.utils.Reporter.reportStep(Reporter.java:81)
at com.framework.utils.Reporter.reportStep(Reporter.java:108)
at com.framework.selenium.api.base.SeleniumBase.takeSnap(SeleniumBase.java:908)
at com.framework.utils.Reporter.reportStep(Reporter.java:81)
at com.framework.utils.Reporter.reportStep(Reporter.java:108)
at com.framework.selenium.api.base.SeleniumBase.takeSnap(SeleniumBase.java:908)
at com.framework.utils.Reporter.reportStep(Reporter.java:81)
at com.framework.utils.Reporter.reportStep(Reporter.java:108)
at com.framework.selenium.api.base.SeleniumBase.takeSnap(SeleniumBase.java:908)
at com.framework.utils.Reporter.reportStep(Reporter.java:81)
at com.framework.utils.Reporter.reportStep(Reporter.java:108)
at com.framework.selenium.api.base.SeleniumBase.takeSnap(SeleniumBase.java:908)
at com.framework.utils.Reporter.reportStep(Reporter.java:81)
at com.framework.utils.Reporter.reportStep(Reporter.java:108)
at com.framework.selenium.api.base.SeleniumBase.takeSnap(SeleniumBase.java:908)
at com.framework.utils.Reporter.reportStep(Reporter.java:81)
at com.framework.utils.Reporter.reportStep(Reporter.java:108)
at com.framework.selenium.api.base.SeleniumBase.takeSnap(SeleniumBase.java:908)
at com.framework.utils.Reporter.reportStep(Reporter.java:81)
at com.framework.utils.Reporter.reportStep(Reporter.java:108)
at com.framework.selenium.api.base.SeleniumBase.takeSnap(SeleniumBase.java:908)
at com.framework.utils.Reporter.reportStep(Reporter.java:81)
at com.framework.utils.Reporter.reportStep(Reporter.java:108)
at com.framework.selenium.api.base.SeleniumBase.takeSnap(SeleniumBase.java:908)
at com.framework.utils.Reporter.reportStep(Reporter.java:81)
at com.framework.utils.Reporter.reportStep(Reporter.java:108)
at com.framework.selenium.api.base.SeleniumBase.takeSnap(SeleniumBase.java:908)
at com.framework.utils.Reporter.reportStep(Reporter.java:81)
at com.framework.utils.Reporter.reportStep(Reporter.java:108)
at com.framework.selenium.api.base.SeleniumBase.takeSnap(SeleniumBase.java:908)
at com.framework.utils.Reporter.reportStep(Reporter.java:81)
at com.framework.utils.Reporter.reportStep(Reporter.java:108)
at com.framework.selenium.api.base.SeleniumBase.takeSnap(SeleniumBase.java:908)
at com.framework.utils.Reporter.reportStep(Reporter.java:81)
at com.framework.utils.Reporter.reportStep(Reporter.java:108)
at com.framework.selenium.api.base.SeleniumBase.takeSnap(SeleniumBase.java:908)
at com.framework.utils.Reporter.reportStep(Reporter.java:81)
at com.framework.utils.Reporter.reportStep(Reporter.java:108)
at com.framework.selenium.api.base.SeleniumBase.takeSnap(SeleniumBase.java:908)
at com.framework.utils.Reporter.reportStep(Reporter.java:81)
at com.framework.utils.Reporter.reportStep(Reporter.java:108)
at com.framework.selenium.api.base.SeleniumBase.takeSnap(SeleniumBase.java:908)
at com.framework.utils.Reporter.reportStep(Reporter.java:81)
at com.framework.utils.Reporter.reportStep(Reporter.java:108)
at com.framework.selenium.api.base.SeleniumBase.takeSnap(SeleniumBase.java:908)
at com.framework.utils.Reporter.reportStep(Reporter.java:81)
at com.framework.utils.Reporter.reportStep(Reporter.java:108)
at com.framework.selenium.api.base.SeleniumBase.takeSnap(SeleniumBase.java:908)
at com.framework.utils.Reporter.reportStep(Reporter.java:81)
at com.framework.utils.Reporter.reportStep(Reporter.java:108)
at com.framework.selenium.api.base.SeleniumBase.takeSnap(SeleniumBase.java:908)
at com.framework.utils.Reporter.reportStep(Reporter.java:81)
at com.framework.utils.Reporter.reportStep(Reporter.java:108)
at com.framework.selenium.api.base.SeleniumBase.takeSnap(SeleniumBase.java:908)
at com.framework.utils.Reporter.reportStep(Reporter.java:81)
at com.framework.utils.Reporter.reportStep(Reporter.java:108)
at com.framework.selenium.api.base.SeleniumBase.takeSnap(SeleniumBase.java:908)
at com.framework.utils.Reporter.reportStep(Reporter.java:81)
at com.framework.utils.Reporter.reportStep(Reporter.java:108)
at com.framework.selenium.api.base.SeleniumBase.takeSnap(SeleniumBase.java:908)
at com.framework.utils.Reporter.reportStep(Reporter.java:81)
at com.framework.utils.Reporter.reportStep(Reporter.java:108)
at com.framework.selenium.api.base.SeleniumBase.takeSnap(SeleniumBase.java:908)
at com.framework.utils.Reporter.reportStep(Reporter.java:81)
at com.framework.utils.Reporter.reportStep(Reporter.java:108)
at com.framework.selenium.api.base.SeleniumBase.takeSnap(SeleniumBase.java:908)
at com.framework.utils.Reporter.reportStep(Reporter.java:81)
at com.framework.utils.Reporter.reportStep(Reporter.java:108)
at com.framework.selenium.api.base.SeleniumBase.takeSnap(SeleniumBase.java:908)
at com.framework.utils.Reporter.reportStep(Reporter.java:81)
at com.framework.utils.Reporter.reportStep(Reporter.java:108)
at com.framework.selenium.api.base.SeleniumBase.takeSnap(SeleniumBase.java:908)
at com.framework.utils.Reporter.reportStep(Reporter.java:81)
at com.framework.utils.Reporter.reportStep(Reporter.java:108)
at com.framework.selenium.api.base.SeleniumBase.takeSnap(SeleniumBase.java:908)
at com.framework.utils.Reporter.reportStep(Reporter.java:81)
at com.framework.utils.Reporter.reportStep(Reporter.java:108)
at com.framework.selenium.api.base.SeleniumBase.takeSnap(SeleniumBase.java:908)
at com.framework.utils.Reporter.reportStep(Reporter.java:81)
at com.framework.utils.Reporter.reportStep(Reporter.java:108)
at com.framework.selenium.api.base.SeleniumBase.takeSnap(SeleniumBase.java:908)
at com.framework.utils.Reporter.reportStep(Reporter.java:81)
at com.framework.utils.Reporter.reportStep(Reporter.java:108)
at com.framework.selenium.api.base.SeleniumBase.takeSnap(SeleniumBase.java:908)
at com.framework.utils.Reporter.reportStep(Reporter.java:81)
at com.framework.utils.Reporter.reportStep(Reporter.java:108)
at com.framework.selenium.api.base.SeleniumBase.takeSnap(SeleniumBase.java:908)
at com.framework.utils.Reporter.reportStep(Reporter.java:81)
at com.framework.utils.Reporter.reportStep(Reporter.java:108)
at com.framework.selenium.api.base.SeleniumBase.takeSnap(SeleniumBase.java:908)
at com.framework.utils.Reporter.reportStep(Reporter.java:81)
at com.framework.utils.Reporter.reportStep(Reporter.java:108)
at com.framework.selenium.api.base.SeleniumBase.takeSnap(SeleniumBase.java:908)
at com.framework.utils.Reporter.reportStep(Reporter.java:81)
at com.framework.utils.Reporter.reportStep(Reporter.java:108)
at com.framework.selenium.api.base.SeleniumBase.takeSnap(SeleniumBase.java:908)
at com.framework.utils.Reporter.reportStep(Reporter.java:81)
at com.framework.utils.Reporter.reportStep(Reporter.java:108)
at com.framework.selenium.api.base.SeleniumBase.takeSnap(SeleniumBase.java:908)
at com.framework.utils.Reporter.reportStep(Reporter.java:81)
at com.framework.utils.Reporter.reportStep(Reporter.java:108)
at com.framework.selenium.api.base.SeleniumBase.takeSnap(SeleniumBase.java:908)
at com.framework.utils.Reporter.reportStep(Reporter.java:81)
at com.framework.utils.Reporter.reportStep(Reporter.java:108)
at com.framework.selenium.api.base.SeleniumBase.takeSnap(SeleniumBase.java:908)
at com.framework.utils.Reporter.reportStep(Reporter.java:81)
at com.framework.utils.Reporter.reportStep(Reporter.java:108)
at com.framework.selenium.api.base.SeleniumBase.takeSnap(SeleniumBase.java:908)
at com.framework.utils.Reporter.reportStep(Reporter.java:81)
at com.framework.utils.Reporter.reportStep(Reporter.java:108)
at com.framework.selenium.api.base.SeleniumBase.takeSnap(SeleniumBase.java:908)
at com.framework.utils.Reporter.reportStep(Reporter.java:81)
at com.framework.utils.Reporter.reportStep(Reporter.java:108)
at com.framework.selenium.api.base.SeleniumBase.takeSnap(SeleniumBase.java:908)
at com.framework.utils.Reporter.reportStep(Reporter.java:81)
at com.framework.utils.Reporter.reportStep(Reporter.java:108)
at com.framework.selenium.api.base.SeleniumBase.takeSnap(SeleniumBase.java:908)
at com.framework.utils.Reporter.reportStep(Reporter.java:81)
at com.framework.utils.Reporter.reportStep(Reporter.java:108)
at com.framework.selenium.api.base.SeleniumBase.takeSnap(SeleniumBase.java:908)
at com.framework.utils.Reporter.reportStep(Reporter.java:81)
at com.framework.utils.Reporter.reportStep(Reporter.java:108)
at com.framework.selenium.api.base.SeleniumBase.takeSnap(SeleniumBase.java:908)
at com.framework.utils.Reporter.reportStep(Reporter.java:81)
at com.framework.utils.Reporter.reportStep(Reporter.java:108)
at com.framework.selenium.api.base.SeleniumBase.takeSnap(SeleniumBase.java:908)
at com.framework.utils.Reporter.reportStep(Reporter.java:81)
at com.framework.utils.Reporter.reportStep(Reporter.java:108)
at com.framework.selenium.api.base.SeleniumBase.takeSnap(SeleniumBase.java:908)
at com.framework.utils.Reporter.reportStep(Reporter.java:81)
at com.framework.utils.Reporter.reportStep(Reporter.java:108)
at com.framework.selenium.api.base.SeleniumBase.takeSnap(SeleniumBase.java:908)
at com.framework.utils.Reporter.reportStep(Reporter.java:81)
at com.framework.utils.Reporter.reportStep(Reporter.java:108)
at com.framework.selenium.api.base.SeleniumBase.takeSnap(SeleniumBase.java:908)
at com.framework.utils.Reporter.reportStep(Reporter.java:81)
at com.framework.utils.Reporter.reportStep(Reporter.java:108)
at com.framework.selenium.api.base.SeleniumBase.takeSnap(SeleniumBase.java:908)
at com.framework.utils.Reporter.reportStep(Reporter.java:81)
at com.framework.utils.Reporter.reportStep(Reporter.java:108)
at com.framework.selenium.api.base.SeleniumBase.takeSnap(SeleniumBase.java:908)
at com.framework.utils.Reporter.reportStep(Reporter.java:81)
at com.framework.utils.Reporter.reportStep(Reporter.java:108)
at com.framework.selenium.api.base.SeleniumBase.takeSnap(SeleniumBase.java:908)
at com.framework.utils.Reporter.reportStep(Reporter.java:81)
at com.framework.utils.Reporter.reportStep(Reporter.java:108)
at com.framework.selenium.api.base.SeleniumBase.takeSnap(SeleniumBase.java:908)
at com.framework.utils.Reporter.reportStep(Reporter.java:81)
at com.framework.utils.Reporter.reportStep(Reporter.java:108)
at com.framework.selenium.api.base.SeleniumBase.takeSnap(SeleniumBase.java:908)
at com.framework.utils.Reporter.reportStep(Reporter.java:81)
at com.framework.utils.Reporter.reportStep(Reporter.java:108)
at com.framework.selenium.api.base.SeleniumBase.takeSnap(SeleniumBase.java:908)
at com.framework.utils.Reporter.reportStep(Reporter.java:81)
at com.framework.utils.Reporter.reportStep(Reporter.java:108)
at com.framework.selenium.api.base.SeleniumBase.takeSnap(SeleniumBase.java:908)
at com.framework.utils.Reporter.reportStep(Reporter.java:81)
at com.framework.utils.Reporter.reportStep(Reporter.java:108)
at com.framework.selenium.api.base.SeleniumBase.takeSnap(SeleniumBase.java:908)
at com.framework.utils.Reporter.reportStep(Reporter.java:81)
at com.framework.utils.Reporter.reportStep(Reporter.java:108)
at com.framework.selenium.api.base.SeleniumBase.takeSnap(SeleniumBase.java:908)
at com.framework.utils.Reporter.reportStep(Reporter.java:81)
at com.framework.utils.Reporter.reportStep(Reporter.java:108)
at com.framework.selenium.api.base.SeleniumBase.takeSnap(SeleniumBase.java:908)
at com.framework.utils.Reporter.reportStep(Reporter.java:81)
at com.framework.utils.Reporter.reportStep(Reporter.java:108)
at com.framework.selenium.api.base.SeleniumBase.takeSnap(SeleniumBase.java:908)
at com.framework.utils.Reporter.reportStep(Reporter.java:81)
at com.framework.utils.Reporter.reportStep(Reporter.java:108)
at com.framework.selenium.api.base.SeleniumBase.takeSnap(SeleniumBase.java:908)
at com.framework.utils.Reporter.reportStep(Reporter.java:81)
at com.framework.utils.Reporter.reportStep(Reporter.java:108)
at com.framework.selenium.api.base.SeleniumBase.takeSnap(SeleniumBase.java:908)
at com.framework.utils.Reporter.reportStep(Reporter.java:81)
at com.framework.utils.Reporter.reportStep(Reporter.java:108)
at com.framework.selenium.api.base.SeleniumBase.takeSnap(SeleniumBase.java:908)
at com.framework.utils.Reporter.reportStep(Reporter.java:81)
at com.framework.utils.Reporter.reportStep(Reporter.java:108)
at com.framework.selenium.api.base.SeleniumBase.takeSnap(SeleniumBase.java:908)
at com.framework.utils.Reporter.reportStep(Reporter.java:81)
at com.framework.utils.Reporter.reportStep(Reporter.java:108)
at com.framework.selenium.api.base.SeleniumBase.takeSnap(SeleniumBase.java:908)
at com.framework.utils.Reporter.reportStep(Reporter.java:81)
at com.framework.utils.Reporter.reportStep(Reporter.java:108)
at com.framework.selenium.api.base.SeleniumBase.takeSnap(SeleniumBase.java:908)
at com.framework.utils.Reporter.reportStep(Reporter.java:81)
at com.framework.utils.Reporter.reportStep(Reporter.java:108)
at com.framework.selenium.api.base.SeleniumBase.takeSnap(SeleniumBase.java:908)
at com.framework.utils.Reporter.reportStep(Reporter.java:81)
at com.framework.utils.Reporter.reportStep(Reporter.java:108)
at com.framework.selenium.api.base.SeleniumBase.takeSnap(SeleniumBase.java:908)
at com.framework.utils.Reporter.reportStep(Reporter.java:81)
at com.framework.utils.Reporter.reportStep(Reporter.java:108)
at com.framework.selenium.api.base.SeleniumBase.takeSnap(SeleniumBase.java:908)
at com.framework.utils.Reporter.reportStep(Reporter.java:81)
at com.framework.utils.Reporter.reportStep(Reporter.java:108)
at com.framework.selenium.api.base.SeleniumBase.takeSnap(SeleniumBase.java:908)
at com.framework.utils.Reporter.reportStep(Reporter.java:81)
at com.framework.utils.Reporter.reportStep(Reporter.java:108)
at com.framework.selenium.api.base.SeleniumBase.takeSnap(SeleniumBase.java:908)
at com.framework.utils.Reporter.reportStep(Reporter.java:81)
at com.framework.utils.Reporter.reportStep(Reporter.java:108)
at com.framework.selenium.api.base.SeleniumBase.takeSnap(SeleniumBase.java:908)
at com.framework.utils.Reporter.reportStep(Reporter.java:81)
at com.framework.utils.Reporter.reportStep(Reporter.java:108)
at com.framework.selenium.api.base.SeleniumBase.takeSnap(SeleniumBase.java:908)
at com.framework.utils.Reporter.reportStep(Reporter.java:81)
at com.framework.utils.Reporter.reportStep(Reporter.java:108)
at com.framework.selenium.api.base.SeleniumBase.takeSnap(SeleniumBase.java:908)
at com.framework.utils.Reporter.reportStep(Reporter.java:81)
at com.framework.utils.Reporter.reportStep(Reporter.java:108)
at com.framework.selenium.api.base.SeleniumBase.takeSnap(SeleniumBase.java:908)
at com.framework.utils.Reporter.reportStep(Reporter.java:81)
at com.framework.utils.Reporter.reportStep(Reporter.java:108)
at com.framework.selenium.api.base.SeleniumBase.takeSnap(SeleniumBase.java:908)
at com.framework.utils.Reporter.reportStep(Reporter.java:81)
at com.framework.utils.Reporter.reportStep(Reporter.java:108)
at com.framework.selenium.api.base.SeleniumBase.takeSnap(SeleniumBase.java:908)
at com.framework.utils.Reporter.reportStep(Reporter.java:81)
at com.framework.utils.Reporter.reportStep(Reporter.java:108)
at com.framework.selenium.api.base.SeleniumBase.takeSnap(SeleniumBase.java:908)
at com.framework.utils.Reporter.reportStep(Reporter.java:81)
at com.framework.utils.Reporter.reportStep(Reporter.java:108)
at com.framework.selenium.api.base.SeleniumBase.takeSnap(SeleniumBase.java:908)
at com.framework.utils.Reporter.reportStep(Reporter.java:81)
at com.framework.utils.Reporter.reportStep(Reporter.java:108)
at com.framework.selenium.api.base.SeleniumBase.takeSnap(SeleniumBase.java:908)
at com.framework.utils.Reporter.reportStep(Reporter.java:81)
at com.framework.utils.Reporter.reportStep(Reporter.java:108)
at com.framework.selenium.api.base.SeleniumBase.takeSnap(SeleniumBase.java:908)
at com.framework.utils.Reporter.reportStep(Reporter.java:81)
at com.framework.utils.Reporter.reportStep(Reporter.java:108)
at com.framework.selenium.api.base.SeleniumBase.takeSnap(SeleniumBase.java:908)
at com.framework.utils.Reporter.reportStep(Reporter.java:81)
at com.framework.utils.Reporter.reportStep(Reporter.java:108)
at com.framework.selenium.api.base.SeleniumBase.takeSnap(SeleniumBase.java:908)
at com.framework.utils.Reporter.reportStep(Reporter.java:81)
at com.framework.utils.Reporter.reportStep(Reporter.java:108)
at com.framework.selenium.api.base.SeleniumBase.takeSnap(SeleniumBase.java:908)
at com.framework.utils.Reporter.reportStep(Reporter.java:81)
at com.framework.utils.Reporter.reportStep(Reporter.java:108)
at com.framework.selenium.api.base.SeleniumBase.takeSnap(SeleniumBase.java:908)
at com.framework.utils.Reporter.reportStep(Reporter.java:81)
at com.framework.utils.Reporter.reportStep(Reporter.java:108)
at com.framework.selenium.api.base.SeleniumBase.takeSnap(SeleniumBase.java:908)
at com.framework.utils.Reporter.reportStep(Reporter.java:81)
at com.framework.utils.Reporter.reportStep(Reporter.java:108)
at com.framework.selenium.api.base.SeleniumBase.takeSnap(SeleniumBase.java:908)
at com.framework.utils.Reporter.reportStep(Reporter.java:81)
at com.framework.utils.Reporter.reportStep(Reporter.java:108)
at com.framework.selenium.api.base.SeleniumBase.takeSnap(SeleniumBase.java:908)
at com.framework.utils.Reporter.reportStep(Reporter.java:81)
at com.framework.utils.Reporter.reportStep(Reporter.java:108)
at com.framework.selenium.api.base.SeleniumBase.takeSnap(SeleniumBase.java:908)
at com.framework.utils.Reporter.reportStep(Reporter.java:81)
at com.framework.utils.Reporter.reportStep(Reporter.java:108)
at com.framework.selenium.api.base.SeleniumBase.takeSnap(SeleniumBase.java:908)
at com.framework.utils.Reporter.reportStep(Reporter.java:81)
at com.framework.utils.Reporter.reportStep(Reporter.java:108)
at com.framework.selenium.api.base.SeleniumBase.takeSnap(SeleniumBase.java:908)
at com.framework.utils.Reporter.reportStep(Reporter.java:81)
at com.framework.utils.Reporter.reportStep(Reporter.java:108)
at com.framework.selenium.api.base.SeleniumBase.takeSnap(SeleniumBase.java:908)
at com.framework.utils.Reporter.reportStep(Reporter.java:81)
at com.framework.utils.Reporter.reportStep(Reporter.java:108)
at com.framework.selenium.api.base.SeleniumBase.takeSnap(SeleniumBase.java:908)
at com.framework.utils.Reporter.reportStep(Reporter.java:81)
at com.framework.utils.Reporter.reportStep(Reporter.java:108)
at com.framework.selenium.api.base.SeleniumBase.takeSnap(SeleniumBase.java:908)
at com.framework.utils.Reporter.reportStep(Reporter.java:81)
at com.framework.utils.Reporter.reportStep(Reporter.java:108)
at com.framework.selenium.api.base.SeleniumBase.takeSnap(SeleniumBase.java:908)
at com.framework.utils.Reporter.reportStep(Reporter.java:81)
at com.framework.utils.Reporter.reportStep(Reporter.java:108)
at com.framework.selenium.api.base.SeleniumBase.takeSnap(SeleniumBase.java:908)
at com.framework.utils.Reporter.reportStep(Reporter.java:81)
at com.framework.utils.Reporter.reportStep(Reporter.java:108)
at com.framework.selenium.api.base.SeleniumBase.takeSnap(SeleniumBase.java:908)
at com.framework.utils.Reporter.reportStep(Reporter.java:81)
at com.framework.utils.Reporter.reportStep(Reporter.java:108)
at com.framework.selenium.api.base.SeleniumBase.takeSnap(SeleniumBase.java:908)
at com.framework.utils.Reporter.reportStep(Reporter.java:81)
at com.framework.utils.Reporter.reportStep(Reporter.java:108)
at com.framework.selenium.api.base.SeleniumBase.takeSnap(SeleniumBase.java:908)
at com.framework.utils.Reporter.reportStep(Reporter.java:81)
at com.framework.utils.Reporter.reportStep(Reporter.java:108)
at com.framework.selenium.api.base.SeleniumBase.takeSnap(SeleniumBase.java:908)
at com.framework.utils.Reporter.reportStep(Reporter.java:81)
at com.framework.utils.Reporter.reportStep(Reporter.java:108)
at com.framework.selenium.api.base.SeleniumBase.takeSnap(SeleniumBase.java:908)
at com.framework.utils.Reporter.reportStep(Reporter.java:81)
at com.framework.utils.Reporter.reportStep(Reporter.java:108)
at com.framework.selenium.api.base.SeleniumBase.takeSnap(SeleniumBase.java:908)
at com.framework.utils.Reporter.reportStep(Reporter.java:81)
at com.framework.utils.Reporter.reportStep(Reporter.java:108)
at com.framework.selenium.api.base.SeleniumBase.takeSnap(SeleniumBase.java:908)
at com.framework.utils.Reporter.reportStep(Reporter.java:81)
at com.framework.utils.Reporter.reportStep(Reporter.java:108)
at com.framework.selenium.api.base.SeleniumBase.takeSnap(SeleniumBase.java:908)
at com.framework.utils.Reporter.reportStep(Reporter.java:81)
at com.framework.utils.Reporter.reportStep(Reporter.java:108)
at com.framework.selenium.api.base.SeleniumBase.takeSnap(SeleniumBase.java:908)
at com.framework.utils.Reporter.reportStep(Reporter.java:81)
at com.framework.utils.Reporter.reportStep(Reporter.java:108)
at com.framework.selenium.api.base.SeleniumBase.takeSnap(SeleniumBase.java:908)
at com.framework.utils.Reporter.reportStep(Reporter.java:81)
at com.framework.utils.Reporter.reportStep(Reporter.java:108)
at com.framework.selenium.api.base.SeleniumBase.takeSnap(SeleniumBase.java:908)
at com.framework.utils.Reporter.reportStep(Reporter.java:81)
at com.framework.utils.Reporter.reportStep(Reporter.java:108)
at com.framework.selenium.api.base.SeleniumBase.takeSnap(SeleniumBase.java:908)
at com.framework.utils.Reporter.reportStep(Reporter.java:81)
at com.framework.utils.Reporter.reportStep(Reporter.java:108)
at com.framework.selenium.api.base.SeleniumBase.takeSnap(SeleniumBase.java:908)
at com.framework.utils.Reporter.reportStep(Reporter.java:81)
at com.framework.utils.Reporter.reportStep(Reporter.java:108)
at com.framework.selenium.api.base.SeleniumBase.takeSnap(SeleniumBase.java:908)
at com.framework.utils.Reporter.reportStep(Reporter.java:81)
at com.framework.utils.Reporter.reportStep(Reporter.java:108)
at com.framework.selenium.api.base.SeleniumBase.takeSnap(SeleniumBase.java:908)
at com.framework.utils.Reporter.reportStep(Reporter.java:81)
at com.framework.utils.Reporter.reportStep(Reporter.java:108)
at com.framework.selenium.api.base.SeleniumBase.takeSnap(SeleniumBase.java:908)
at com.framework.utils.Reporter.reportStep(Reporter.java:81)
at com.framework.utils.Reporter.reportStep(Reporter.java:108)
at com.framework.selenium.api.base.SeleniumBase.takeSnap(SeleniumBase.java:908)
at com.framework.utils.Reporter.reportStep(Reporter.java:81)
at com.framework.utils.Reporter.reportStep(Reporter.java:108)
at com.framework.selenium.api.base.SeleniumBase.takeSnap(SeleniumBase.java:908)
at com.framework.utils.Reporter.reportStep(Reporter.java:81)
at com.framework.utils.Reporter.reportStep(Reporter.java:108)
at com.framework.selenium.api.base.SeleniumBase.takeSnap(SeleniumBase.java:908)
at com.framework.utils.Reporter.reportStep(Reporter.java:81)
at com.framework.utils.Reporter.reportStep(Reporter.java:108)
at com.framework.selenium.api.base.SeleniumBase.takeSnap(SeleniumBase.java:908)
at com.framework.utils.Reporter.reportStep(Reporter.java:81)
at com.framework.utils.Reporter.reportStep(Reporter.java:108)
at com.framework.selenium.api.base.SeleniumBase.takeSnap(SeleniumBase.java:908)
at com.framework.utils.Reporter.reportStep(Reporter.java:81)
at com.framework.utils.Reporter.reportStep(Reporter.java:108)
at com.framework.selenium.api.base.SeleniumBase.takeSnap(SeleniumBase.java:908)
at com.framework.utils.Reporter.reportStep(Reporter.java:81)
at com.framework.utils.Reporter.reportStep(Reporter.java:108)
at com.framework.selenium.api.base.SeleniumBase.takeSnap(SeleniumBase.java:908)
at com.framework.utils.Reporter.reportStep(Reporter.java:81)
at com.framework.utils.Reporter.reportStep(Reporter.java:108)
at com.framework.selenium.api.base.SeleniumBase.takeSnap(SeleniumBase.java:908)
at com.framework.utils.Reporter.reportStep(Reporter.java:81)
at com.framework.utils.Reporter.reportStep(Reporter.java:108)
at com.framework.selenium.api.base.SeleniumBase.takeSnap(SeleniumBase.java:908)
at com.framework.utils.Reporter.reportStep(Reporter.java:81)
at com.framework.utils.Reporter.reportStep(Reporter.java:108)
at com.framework.selenium.api.base.SeleniumBase.takeSnap(SeleniumBase.java:908)
at com.framework.utils.Reporter.reportStep(Reporter.java:81)
at com.framework.utils.Reporter.reportStep(Reporter.java:108)
at com.framework.selenium.api.base.SeleniumBase.takeSnap(SeleniumBase.java:908)
at com.framework.utils.Reporter.reportStep(Reporter.java:81)
at com.framework.utils.Reporter.reportStep(Reporter.java:108)
at com.framework.selenium.api.base.SeleniumBase.takeSnap(SeleniumBase.java:908)
at com.framework.utils.Reporter.reportStep(Reporter.java:81)
at com.framework.utils.Reporter.reportStep(Reporter.java:108)
at com.framework.selenium.api.base.SeleniumBase.takeSnap(SeleniumBase.java:908)
at com.framework.utils.Reporter.reportStep(Reporter.java:81)
at com.framework.utils.Reporter.reportStep(Reporter.java:108)
at com.framework.selenium.api.base.SeleniumBase.takeSnap(SeleniumBase.java:908)
at com.framework.utils.Reporter.reportStep(Reporter.java:81)
at com.framework.utils.Reporter.reportStep(Reporter.java:108)
at com.framework.selenium.api.base.SeleniumBase.takeSnap(SeleniumBase.java:908)
at com.framework.utils.Reporter.reportStep(Reporter.java:81)
at com.framework.utils.Reporter.reportStep(Reporter.java:108)
at com.framework.selenium.api.base.SeleniumBase.takeSnap(SeleniumBase.java:908)
at com.framework.utils.Reporter.reportStep(Reporter.java:81)
at com.framework.utils.Reporter.reportStep(Reporter.java:108)
at com.framework.selenium.api.base.SeleniumBase.takeSnap(SeleniumBase.java:908)
at com.framework.utils.Reporter.reportStep(Reporter.java:81)
at com.framework.utils.Reporter.reportStep(Reporter.java:108)
at com.framework.selenium.api.base.SeleniumBase.takeSnap(SeleniumBase.java:908)
at com.framework.utils.Reporter.reportStep(Reporter.java:81)
at com.framework.utils.Reporter.reportStep(Reporter.java:108)
at com.framework.selenium.api.base.SeleniumBase.takeSnap(SeleniumBase.java:908)
at com.framework.utils.Reporter.reportStep(Reporter.java:81)
at com.framework.utils.Reporter.reportStep(Reporter.java:108)
at com.framework.selenium.api.base.SeleniumBase.takeSnap(SeleniumBase.java:908)
at com.framework.utils.Reporter.reportStep(Reporter.java:81)
at com.framework.utils.Reporter.reportStep(Reporter.java:108)
at com.framework.selenium.api.base.SeleniumBase.takeSnap(SeleniumBase.java:908)
at com.framework.utils.Reporter.reportStep(Reporter.java:81)
at com.framework.utils.Reporter.reportStep(Reporter.java:108)
at com.framework.selenium.api.base.SeleniumBase.takeSnap(SeleniumBase.java:908)
at com.framework.utils.Reporter.reportStep(Reporter.java:81)
at com.framework.utils.Reporter.reportStep(Reporter.java:108)
at com.framework.selenium.api.base.SeleniumBase.takeSnap(SeleniumBase.java:908)
at com.framework.utils.Reporter.reportStep(Reporter.java:81)
at com.framework.utils.Reporter.reportStep(Reporter.java:108)
at com.framework.selenium.api.base.SeleniumBase.takeSnap(SeleniumBase.java:908)
at com.framework.utils.Reporter.reportStep(Reporter.java:81)
at com.framework.utils.Reporter.reportStep(Reporter.java:108)
at com.framework.selenium.api.base.SeleniumBase.takeSnap(SeleniumBase.java:908)
at com.framework.utils.Reporter.reportStep(Reporter.java:81)
at com.framework.utils.Reporter.reportStep(Reporter.java:108)
at com.framework.selenium.api.base.SeleniumBase.takeSnap(SeleniumBase.java:908)
at com.framework.utils.Reporter.reportStep(Reporter.java:81)
at com.framework.utils.Reporter.reportStep(Reporter.java:108)
at com.framework.selenium.api.base.SeleniumBase.takeSnap(SeleniumBase.java:908)
at com.framework.utils.Reporter.reportStep(Reporter.java:81)
at com.framework.utils.Reporter.reportStep(Reporter.java:108)
at com.framework.selenium.api.base.SeleniumBase.takeSnap(SeleniumBase.java:908)
at com.framework.utils.Reporter.reportStep(Reporter.java:81)
at com.framework.utils.Reporter.reportStep(Reporter.java:108)
at com.framework.selenium.api.base.SeleniumBase.takeSnap(SeleniumBase.java:908)
at com.framework.utils.Reporter.reportStep(Reporter.java:81)
at com.framework.utils.Reporter.reportStep(Reporter.java:108)
at com.framework.selenium.api.base.SeleniumBase.takeSnap(SeleniumBase.java:908)
at com.framework.utils.Reporter.reportStep(Reporter.java:81)
at com.framework.utils.Reporter.reportStep(Reporter.java:108)
at com.framework.selenium.api.base.SeleniumBase.takeSnap(SeleniumBase.java:908)
at com.framework.utils.Reporter.reportStep(Reporter.java:81)
at com.framework.utils.Reporter.reportStep(Reporter.java:108)
at com.framework.selenium.api.base.SeleniumBase.takeSnap(SeleniumBase.java:908)
at com.framework.utils.Reporter.reportStep(Reporter.java:81)
at com.framework.utils.Reporter.reportStep(Reporter.java:108)
at com.framework.selenium.api.base.SeleniumBase.takeSnap(SeleniumBase.java:908)
at com.framework.utils.Reporter.reportStep(Reporter.java:81)
at com.framework.utils.Reporter.reportStep(Reporter.java:108)
at com.framework.selenium.api.base.SeleniumBase.takeSnap(SeleniumBase.java:908)
at com.framework.utils.Reporter.reportStep(Reporter.java:81)
at com.framework.utils.Reporter.reportStep(Reporter.java:108)
at com.framework.selenium.api.base.SeleniumBase.takeSnap(SeleniumBase.java:908)
at com.framework.utils.Reporter.reportStep(Reporter.java:81)
at com.framework.utils.Reporter.reportStep(Reporter.java:108)
at com.framework.selenium.api.base.SeleniumBase.takeSnap(SeleniumBase.java:908)
at com.framework.utils.Reporter.reportStep(Reporter.java:81)
at com.framework.utils.Reporter.reportStep(Reporter.java:108)
at com.framework.selenium.api.base.SeleniumBase.takeSnap(SeleniumBase.java:908)
at com.framework.utils.Reporter.reportStep(Reporter.java:81)
at com.framework.utils.Reporter.reportStep(Reporter.java:108)
at com.framework.selenium.api.base.SeleniumBase.takeSnap(SeleniumBase.java:908)
at com.framework.utils.Reporter.reportStep(Reporter.java:81)
at com.framework.utils.Reporter.reportStep(Reporter.java:108)
at com.framework.selenium.api.base.SeleniumBase.takeSnap(SeleniumBase.java:908)
at com.framework.utils.Reporter.reportStep(Reporter.java:81)
at com.framework.utils.Reporter.reportStep(Reporter.java:108)
at com.framework.selenium.api.base.SeleniumBase.takeSnap(SeleniumBase.java:908)
at com.framework.utils.Reporter.reportStep(Reporter.java:81)
at com.framework.utils.Reporter.reportStep(Reporter.java:108)
at com.framework.selenium.api.base.SeleniumBase.takeSnap(SeleniumBase.java:908)
at com.framework.utils.Reporter.reportStep(Reporter.java:81)
at com.framework.utils.Reporter.reportStep(Reporter.java:108)
at com.framework.selenium.api.base.SeleniumBase.takeSnap(SeleniumBase.java:908)
at com.framework.utils.Reporter.reportStep(Reporter.java:81)
at com.framework.utils.Reporter.reportStep(Reporter.java:108)
at com.framework.selenium.api.base.SeleniumBase.takeSnap(SeleniumBase.java:908)
at com.framework.utils.Reporter.reportStep(Reporter.java:81)
at com.framework.utils.Reporter.reportStep(Reporter.java:108)
at com.framework.selenium.api.base.SeleniumBase.takeSnap(SeleniumBase.java:908)
at com.framework.utils.Reporter.reportStep(Reporter.java:81)
at com.framework.utils.Reporter.reportStep(Reporter.java:108)
at com.framework.selenium.api.base.SeleniumBase.takeSnap(SeleniumBase.java:908)
at com.framework.utils.Reporter.reportStep(Reporter.java:81)
at com.framework.utils.Reporter.reportStep(Reporter.java:108)
at com.framework.selenium.api.base.SeleniumBase.takeSnap(SeleniumBase.java:908)
at com.framework.utils.Reporter.reportStep(Reporter.java:81)
at com.framework.utils.Reporter.reportStep(Reporter.java:108)
at com.framework.selenium.api.base.SeleniumBase.takeSnap(SeleniumBase.java:908)
at com.framework.utils.Reporter.reportStep(Reporter.java:81)
at com.framework.utils.Reporter.reportStep(Reporter.java:108)
at com.framework.selenium.api.base.SeleniumBase.takeSnap(SeleniumBase.java:908)
at com.framework.utils.Reporter.reportStep(Reporter.java:81)
at com.framework.utils.Reporter.reportStep(Reporter.java:108)
at com.framework.selenium.api.base.SeleniumBase.takeSnap(SeleniumBase.java:908)
at com.framework.utils.Reporter.reportStep(Reporter.java:81)
at com.framework.utils.Reporter.reportStep(Reporter.java:108)
at com.framework.selenium.api.base.SeleniumBase.takeSnap(SeleniumBase.java:908)
at com.framework.utils.Reporter.reportStep(Reporter.java:81)
at com.framework.utils.Reporter.reportStep(Reporter.java:108)
at com.framework.selenium.api.base.SeleniumBase.takeSnap(SeleniumBase.java:908)
at com.framework.utils.Reporter.reportStep(Reporter.java:81)
at com.framework.utils.Reporter.reportStep(Reporter.java:108)
at com.framework.selenium.api.base.SeleniumBase.takeSnap(SeleniumBase.java:908)
at com.framework.utils.Reporter.reportStep(Reporter.java:81)
at com.framework.utils.Reporter.reportStep(Reporter.java:108)
at com.framework.selenium.api.base.SeleniumBase.takeSnap(SeleniumBase.java:908)
at com.framework.utils.Reporter.reportStep(Reporter.java:81)
at com.framework.utils.Reporter.reportStep(Reporter.java:108)
at com.framework.selenium.api.base.SeleniumBase.takeSnap(SeleniumBase.java:908)
at com.framework.utils.Reporter.reportStep(Reporter.java:81)
at com.framework.utils.Reporter.reportStep(Reporter.java:108)
at com.framework.selenium.api.base.SeleniumBase.takeSnap(SeleniumBase.java:908)
at com.framework.utils.Reporter.reportStep(Reporter.java:81)
at com.framework.utils.Reporter.reportStep(Reporter.java:108)
at com.framework.selenium.api.base.SeleniumBase.takeSnap(SeleniumBase.java:908)
at com.framework.utils.Reporter.reportStep(Reporter.java:81)
at com.framework.utils.Reporter.reportStep(Reporter.java:108)
at com.framework.selenium.api.base.SeleniumBase.takeSnap(SeleniumBase.java:908)
]]>
    </failure>
  </testcase> <!-- @BeforeMethod preCondition -->
  <testcase classname="com.framework.testng.api.base.ProjectSpecificMethods" name="@AfterMethod postCondition" time="-1.696944535334E9">
    <skipped/>
  </testcase> <!-- @AfterMethod postCondition -->
  <testcase classname="com.princeandblack.testcases.TC001_VerifyLogin" name="runLogin" time="0.0">
    <skipped/>
  </testcase> <!-- runLogin -->
</testsuite> <!-- chrometest -->
