<?xml version="1.0" encoding="UTF-8"?>
<!-- Generated by org.testng.reporters.JUnitXMLReporter -->
<testsuite ignored="0" hostname="DESKTOP-JIEUPAU" failures="0" tests="1" name="Chromebrowser" time="0.893" errors="0" timestamp="2023-10-10T18:12:48 IST">
  <testcase classname="com.framework.testng.api.base.ProjectSpecificMethods" name="@BeforeMethod preCondition" time="0.114">
    <failure type="java.lang.StackOverflowError">
      <![CDATA[java.lang.StackOverflowError
at java.base/java.lang.NullPointerException.fillInStackTrace(NullPointerException.java:90)
at java.base/java.lang.Throwable.<init>(Throwable.java:256)
at java.base/java.lang.Exception.<init>(Exception.java:55)
at java.base/java.lang.RuntimeException.<init>(RuntimeException.java:52)
at java.base/java.lang.NullPointerException.<init>(NullPointerException.java:59)
at com.framework.selenium.api.base.SeleniumBase.takeSnap(SeleniumBase.java:899)
at com.framework.utils.Reporter.reportStep(Reporter.java:81)
at com.framework.utils.Reporter.reportStep(Reporter.java:108)
at com.framework.selenium.api.base.SeleniumBase.takeSnap(SeleniumBase.java:906)
at com.framework.utils.Reporter.reportStep(Reporter.java:81)
at com.framework.utils.Reporter.reportStep(Reporter.java:108)
at com.framework.selenium.api.base.SeleniumBase.takeSnap(SeleniumBase.java:906)
at com.framework.utils.Reporter.reportStep(Reporter.java:81)
at com.framework.utils.Reporter.reportStep(Reporter.java:108)
at com.framework.selenium.api.base.SeleniumBase.takeSnap(SeleniumBase.java:906)
at com.framework.utils.Reporter.reportStep(Reporter.java:81)
at com.framework.utils.Reporter.reportStep(Reporter.java:108)
at com.framework.selenium.api.base.SeleniumBase.takeSnap(SeleniumBase.java:906)
at com.framework.utils.Reporter.reportStep(Reporter.java:81)
at com.framework.utils.Reporter.reportStep(Reporter.java:108)
at com.framework.selenium.api.base.SeleniumBase.takeSnap(SeleniumBase.java:906)
at com.framework.utils.Reporter.reportStep(Reporter.java:81)
at com.framework.utils.Reporter.reportStep(Reporter.java:108)
at com.framework.selenium.api.base.SeleniumBase.takeSnap(SeleniumBase.java:906)
at com.framework.utils.Reporter.reportStep(Reporter.java:81)
at com.framework.utils.Reporter.reportStep(Reporter.java:108)
at com.framework.selenium.api.base.SeleniumBase.takeSnap(SeleniumBase.java:906)
at com.framework.utils.Reporter.reportStep(Reporter.java:81)
at com.framework.utils.Reporter.reportStep(Reporter.java:108)
at com.framework.selenium.api.base.SeleniumBase.takeSnap(SeleniumBase.java:906)
at com.framework.utils.Reporter.reportStep(Reporter.java:81)
at com.framework.utils.Reporter.reportStep(Reporter.java:108)
at com.framework.selenium.api.base.SeleniumBase.takeSnap(SeleniumBase.java:906)
at com.framework.utils.Reporter.reportStep(Reporter.java:81)
at com.framework.utils.Reporter.reportStep(Reporter.java:108)
at com.framework.selenium.api.base.SeleniumBase.takeSnap(SeleniumBase.java:906)
at com.framework.utils.Reporter.reportStep(Reporter.java:81)
at com.framework.utils.Reporter.reportStep(Reporter.java:108)
at com.framework.selenium.api.base.SeleniumBase.takeSnap(SeleniumBase.java:906)
at com.framework.utils.Reporter.reportStep(Reporter.java:81)
at com.framework.utils.Reporter.reportStep(Reporter.java:108)
at com.framework.selenium.api.base.SeleniumBase.takeSnap(SeleniumBase.java:906)
at com.framework.utils.Reporter.reportStep(Reporter.java:81)
at com.framework.utils.Reporter.reportStep(Reporter.java:108)
at com.framework.selenium.api.base.SeleniumBase.takeSnap(SeleniumBase.java:906)
at com.framework.utils.Reporter.reportStep(Reporter.java:81)
at com.framework.utils.Reporter.reportStep(Reporter.java:108)
at com.framework.selenium.api.base.SeleniumBase.takeSnap(SeleniumBase.java:906)
at com.framework.utils.Reporter.reportStep(Reporter.java:81)
at com.framework.utils.Reporter.reportStep(Reporter.java:108)
at com.framework.selenium.api.base.SeleniumBase.takeSnap(SeleniumBase.java:906)
at com.framework.utils.Reporter.reportStep(Reporter.java:81)
at com.framework.utils.Reporter.reportStep(Reporter.java:108)
at com.framework.selenium.api.base.SeleniumBase.takeSnap(SeleniumBase.java:906)
at com.framework.utils.Reporter.reportStep(Reporter.java:81)
at com.framework.utils.Reporter.reportStep(Reporter.java:108)
at com.framework.selenium.api.base.SeleniumBase.takeSnap(SeleniumBase.java:906)
at com.framework.utils.Reporter.reportStep(Reporter.java:81)
at com.framework.utils.Reporter.reportStep(Reporter.java:108)
at com.framework.selenium.api.base.SeleniumBase.takeSnap(SeleniumBase.java:906)
at com.framework.utils.Reporter.reportStep(Reporter.java:81)
at com.framework.utils.Reporter.reportStep(Reporter.java:108)
at com.framework.selenium.api.base.SeleniumBase.takeSnap(SeleniumBase.java:906)
at com.framework.utils.Reporter.reportStep(Reporter.java:81)
at com.framework.utils.Reporter.reportStep(Reporter.java:108)
at com.framework.selenium.api.base.SeleniumBase.takeSnap(SeleniumBase.java:906)
at com.framework.utils.Reporter.reportStep(Reporter.java:81)
at com.framework.utils.Reporter.reportStep(Reporter.java:108)
at com.framework.selenium.api.base.SeleniumBase.takeSnap(SeleniumBase.java:906)
at com.framework.utils.Reporter.reportStep(Reporter.java:81)
at com.framework.utils.Reporter.reportStep(Reporter.java:108)
at com.framework.selenium.api.base.SeleniumBase.takeSnap(SeleniumBase.java:906)
at com.framework.utils.Reporter.reportStep(Reporter.java:81)
at com.framework.utils.Reporter.reportStep(Reporter.java:108)
at com.framework.selenium.api.base.SeleniumBase.takeSnap(SeleniumBase.java:906)
at com.framework.utils.Reporter.reportStep(Reporter.java:81)
at com.framework.utils.Reporter.reportStep(Reporter.java:108)
at com.framework.selenium.api.base.SeleniumBase.takeSnap(SeleniumBase.java:906)
at com.framework.utils.Reporter.reportStep(Reporter.java:81)
at com.framework.utils.Reporter.reportStep(Reporter.java:108)
at com.framework.selenium.api.base.SeleniumBase.takeSnap(SeleniumBase.java:906)
at com.framework.utils.Reporter.reportStep(Reporter.java:81)
at com.framework.utils.Reporter.reportStep(Reporter.java:108)
at com.framework.selenium.api.base.SeleniumBase.takeSnap(SeleniumBase.java:906)
at com.framework.utils.Reporter.reportStep(Reporter.java:81)
at com.framework.utils.Reporter.reportStep(Reporter.java:108)
at com.framework.selenium.api.base.SeleniumBase.takeSnap(SeleniumBase.java:906)
at com.framework.utils.Reporter.reportStep(Reporter.java:81)
at com.framework.utils.Reporter.reportStep(Reporter.java:108)
at com.framework.selenium.api.base.SeleniumBase.takeSnap(SeleniumBase.java:906)
at com.framework.utils.Reporter.reportStep(Reporter.java:81)
at com.framework.utils.Reporter.reportStep(Reporter.java:108)
at com.framework.selenium.api.base.SeleniumBase.takeSnap(SeleniumBase.java:906)
at com.framework.utils.Reporter.reportStep(Reporter.java:81)
at com.framework.utils.Reporter.reportStep(Reporter.java:108)
at com.framework.selenium.api.base.SeleniumBase.takeSnap(SeleniumBase.java:906)
at com.framework.utils.Reporter.reportStep(Reporter.java:81)
at com.framework.utils.Reporter.reportStep(Reporter.java:108)
at com.framework.selenium.api.base.SeleniumBase.takeSnap(SeleniumBase.java:906)
at com.framework.utils.Reporter.reportStep(Reporter.java:81)
at com.framework.utils.Reporter.reportStep(Reporter.java:108)
at com.framework.selenium.api.base.SeleniumBase.takeSnap(SeleniumBase.java:906)
at com.framework.utils.Reporter.reportStep(Reporter.java:81)
at com.framework.utils.Reporter.reportStep(Reporter.java:108)
at com.framework.selenium.api.base.SeleniumBase.takeSnap(SeleniumBase.java:906)
at com.framework.utils.Reporter.reportStep(Reporter.java:81)
at com.framework.utils.Reporter.reportStep(Reporter.java:108)
at com.framework.selenium.api.base.SeleniumBase.takeSnap(SeleniumBase.java:906)
at com.framework.utils.Reporter.reportStep(Reporter.java:81)
at com.framework.utils.Reporter.reportStep(Reporter.java:108)
at com.framework.selenium.api.base.SeleniumBase.takeSnap(SeleniumBase.java:906)
at com.framework.utils.Reporter.reportStep(Reporter.java:81)
at com.framework.utils.Reporter.reportStep(Reporter.java:108)
at com.framework.selenium.api.base.SeleniumBase.takeSnap(SeleniumBase.java:906)
at com.framework.utils.Reporter.reportStep(Reporter.java:81)
at com.framework.utils.Reporter.reportStep(Reporter.java:108)
at com.framework.selenium.api.base.SeleniumBase.takeSnap(SeleniumBase.java:906)
at com.framework.utils.Reporter.reportStep(Reporter.java:81)
at com.framework.utils.Reporter.reportStep(Reporter.java:108)
at com.framework.selenium.api.base.SeleniumBase.takeSnap(SeleniumBase.java:906)
at com.framework.utils.Reporter.reportStep(Reporter.java:81)
at com.framework.utils.Reporter.reportStep(Reporter.java:108)
at com.framework.selenium.api.base.SeleniumBase.takeSnap(SeleniumBase.java:906)
at com.framework.utils.Reporter.reportStep(Reporter.java:81)
at com.framework.utils.Reporter.reportStep(Reporter.java:108)
at com.framework.selenium.api.base.SeleniumBase.takeSnap(SeleniumBase.java:906)
at com.framework.utils.Reporter.reportStep(Reporter.java:81)
at com.framework.utils.Reporter.reportStep(Reporter.java:108)
at com.framework.selenium.api.base.SeleniumBase.takeSnap(SeleniumBase.java:906)
at com.framework.utils.Reporter.reportStep(Reporter.java:81)
at com.framework.utils.Reporter.reportStep(Reporter.java:108)
at com.framework.selenium.api.base.SeleniumBase.takeSnap(SeleniumBase.java:906)
at com.framework.utils.Reporter.reportStep(Reporter.java:81)
at com.framework.utils.Reporter.reportStep(Reporter.java:108)
at com.framework.selenium.api.base.SeleniumBase.takeSnap(SeleniumBase.java:906)
at com.framework.utils.Reporter.reportStep(Reporter.java:81)
at com.framework.utils.Reporter.reportStep(Reporter.java:108)
at com.framework.selenium.api.base.SeleniumBase.takeSnap(SeleniumBase.java:906)
at com.framework.utils.Reporter.reportStep(Reporter.java:81)
at com.framework.utils.Reporter.reportStep(Reporter.java:108)
at com.framework.selenium.api.base.SeleniumBase.takeSnap(SeleniumBase.java:906)
at com.framework.utils.Reporter.reportStep(Reporter.java:81)
at com.framework.utils.Reporter.reportStep(Reporter.java:108)
at com.framework.selenium.api.base.SeleniumBase.takeSnap(SeleniumBase.java:906)
at com.framework.utils.Reporter.reportStep(Reporter.java:81)
at com.framework.utils.Reporter.reportStep(Reporter.java:108)
at com.framework.selenium.api.base.SeleniumBase.takeSnap(SeleniumBase.java:906)
at com.framework.utils.Reporter.reportStep(Reporter.java:81)
at com.framework.utils.Reporter.reportStep(Reporter.java:108)
at com.framework.selenium.api.base.SeleniumBase.takeSnap(SeleniumBase.java:906)
at com.framework.utils.Reporter.reportStep(Reporter.java:81)
at com.framework.utils.Reporter.reportStep(Reporter.java:108)
at com.framework.selenium.api.base.SeleniumBase.takeSnap(SeleniumBase.java:906)
at com.framework.utils.Reporter.reportStep(Reporter.java:81)
at com.framework.utils.Reporter.reportStep(Reporter.java:108)
at com.framework.selenium.api.base.SeleniumBase.takeSnap(SeleniumBase.java:906)
at com.framework.utils.Reporter.reportStep(Reporter.java:81)
at com.framework.utils.Reporter.reportStep(Reporter.java:108)
at com.framework.selenium.api.base.SeleniumBase.takeSnap(SeleniumBase.java:906)
at com.framework.utils.Reporter.reportStep(Reporter.java:81)
at com.framework.utils.Reporter.reportStep(Reporter.java:108)
at com.framework.selenium.api.base.SeleniumBase.takeSnap(SeleniumBase.java:906)
at com.framework.utils.Reporter.reportStep(Reporter.java:81)
at com.framework.utils.Reporter.reportStep(Reporter.java:108)
at com.framework.selenium.api.base.SeleniumBase.takeSnap(SeleniumBase.java:906)
at com.framework.utils.Reporter.reportStep(Reporter.java:81)
at com.framework.utils.Reporter.reportStep(Reporter.java:108)
at com.framework.selenium.api.base.SeleniumBase.takeSnap(SeleniumBase.java:906)
at com.framework.utils.Reporter.reportStep(Reporter.java:81)
at com.framework.utils.Reporter.reportStep(Reporter.java:108)
at com.framework.selenium.api.base.SeleniumBase.takeSnap(SeleniumBase.java:906)
at com.framework.utils.Reporter.reportStep(Reporter.java:81)
at com.framework.utils.Reporter.reportStep(Reporter.java:108)
at com.framework.selenium.api.base.SeleniumBase.takeSnap(SeleniumBase.java:906)
at com.framework.utils.Reporter.reportStep(Reporter.java:81)
at com.framework.utils.Reporter.reportStep(Reporter.java:108)
at com.framework.selenium.api.base.SeleniumBase.takeSnap(SeleniumBase.java:906)
at com.framework.utils.Reporter.reportStep(Reporter.java:81)
at com.framework.utils.Reporter.reportStep(Reporter.java:108)
at com.framework.selenium.api.base.SeleniumBase.takeSnap(SeleniumBase.java:906)
at com.framework.utils.Reporter.reportStep(Reporter.java:81)
at com.framework.utils.Reporter.reportStep(Reporter.java:108)
at com.framework.selenium.api.base.SeleniumBase.takeSnap(SeleniumBase.java:906)
at com.framework.utils.Reporter.reportStep(Reporter.java:81)
at com.framework.utils.Reporter.reportStep(Reporter.java:108)
at com.framework.selenium.api.base.SeleniumBase.takeSnap(SeleniumBase.java:906)
at com.framework.utils.Reporter.reportStep(Reporter.java:81)
at com.framework.utils.Reporter.reportStep(Reporter.java:108)
at com.framework.selenium.api.base.SeleniumBase.takeSnap(SeleniumBase.java:906)
at com.framework.utils.Reporter.reportStep(Reporter.java:81)
at com.framework.utils.Reporter.reportStep(Reporter.java:108)
at com.framework.selenium.api.base.SeleniumBase.takeSnap(SeleniumBase.java:906)
at com.framework.utils.Reporter.reportStep(Reporter.java:81)
at com.framework.utils.Reporter.reportStep(Reporter.java:108)
at com.framework.selenium.api.base.SeleniumBase.takeSnap(SeleniumBase.java:906)
at com.framework.utils.Reporter.reportStep(Reporter.java:81)
at com.framework.utils.Reporter.reportStep(Reporter.java:108)
at com.framework.selenium.api.base.SeleniumBase.takeSnap(SeleniumBase.java:906)
at com.framework.utils.Reporter.reportStep(Reporter.java:81)
at com.framework.utils.Reporter.reportStep(Reporter.java:108)
at com.framework.selenium.api.base.SeleniumBase.takeSnap(SeleniumBase.java:906)
at com.framework.utils.Reporter.reportStep(Reporter.java:81)
at com.framework.utils.Reporter.reportStep(Reporter.java:108)
at com.framework.selenium.api.base.SeleniumBase.takeSnap(SeleniumBase.java:906)
at com.framework.utils.Reporter.reportStep(Reporter.java:81)
at com.framework.utils.Reporter.reportStep(Reporter.java:108)
at com.framework.selenium.api.base.SeleniumBase.takeSnap(SeleniumBase.java:906)
at com.framework.utils.Reporter.reportStep(Reporter.java:81)
at com.framework.utils.Reporter.reportStep(Reporter.java:108)
at com.framework.selenium.api.base.SeleniumBase.takeSnap(SeleniumBase.java:906)
at com.framework.utils.Reporter.reportStep(Reporter.java:81)
at com.framework.utils.Reporter.reportStep(Reporter.java:108)
at com.framework.selenium.api.base.SeleniumBase.takeSnap(SeleniumBase.java:906)
at com.framework.utils.Reporter.reportStep(Reporter.java:81)
at com.framework.utils.Reporter.reportStep(Reporter.java:108)
at com.framework.selenium.api.base.SeleniumBase.takeSnap(SeleniumBase.java:906)
at com.framework.utils.Reporter.reportStep(Reporter.java:81)
at com.framework.utils.Reporter.reportStep(Reporter.java:108)
at com.framework.selenium.api.base.SeleniumBase.takeSnap(SeleniumBase.java:906)
at com.framework.utils.Reporter.reportStep(Reporter.java:81)
at com.framework.utils.Reporter.reportStep(Reporter.java:108)
at com.framework.selenium.api.base.SeleniumBase.takeSnap(SeleniumBase.java:906)
at com.framework.utils.Reporter.reportStep(Reporter.java:81)
at com.framework.utils.Reporter.reportStep(Reporter.java:108)
at com.framework.selenium.api.base.SeleniumBase.takeSnap(SeleniumBase.java:906)
at com.framework.utils.Reporter.reportStep(Reporter.java:81)
at com.framework.utils.Reporter.reportStep(Reporter.java:108)
at com.framework.selenium.api.base.SeleniumBase.takeSnap(SeleniumBase.java:906)
at com.framework.utils.Reporter.reportStep(Reporter.java:81)
at com.framework.utils.Reporter.reportStep(Reporter.java:108)
at com.framework.selenium.api.base.SeleniumBase.takeSnap(SeleniumBase.java:906)
at com.framework.utils.Reporter.reportStep(Reporter.java:81)
at com.framework.utils.Reporter.reportStep(Reporter.java:108)
at com.framework.selenium.api.base.SeleniumBase.takeSnap(SeleniumBase.java:906)
at com.framework.utils.Reporter.reportStep(Reporter.java:81)
at com.framework.utils.Reporter.reportStep(Reporter.java:108)
at com.framework.selenium.api.base.SeleniumBase.takeSnap(SeleniumBase.java:906)
at com.framework.utils.Reporter.reportStep(Reporter.java:81)
at com.framework.utils.Reporter.reportStep(Reporter.java:108)
at com.framework.selenium.api.base.SeleniumBase.takeSnap(SeleniumBase.java:906)
at com.framework.utils.Reporter.reportStep(Reporter.java:81)
at com.framework.utils.Reporter.reportStep(Reporter.java:108)
at com.framework.selenium.api.base.SeleniumBase.takeSnap(SeleniumBase.java:906)
at com.framework.utils.Reporter.reportStep(Reporter.java:81)
at com.framework.utils.Reporter.reportStep(Reporter.java:108)
at com.framework.selenium.api.base.SeleniumBase.takeSnap(SeleniumBase.java:906)
at com.framework.utils.Reporter.reportStep(Reporter.java:81)
at com.framework.utils.Reporter.reportStep(Reporter.java:108)
at com.framework.selenium.api.base.SeleniumBase.takeSnap(SeleniumBase.java:906)
at com.framework.utils.Reporter.reportStep(Reporter.java:81)
at com.framework.utils.Reporter.reportStep(Reporter.java:108)
at com.framework.selenium.api.base.SeleniumBase.takeSnap(SeleniumBase.java:906)
at com.framework.utils.Reporter.reportStep(Reporter.java:81)
at com.framework.utils.Reporter.reportStep(Reporter.java:108)
at com.framework.selenium.api.base.SeleniumBase.takeSnap(SeleniumBase.java:906)
at com.framework.utils.Reporter.reportStep(Reporter.java:81)
at com.framework.utils.Reporter.reportStep(Reporter.java:108)
at com.framework.selenium.api.base.SeleniumBase.takeSnap(SeleniumBase.java:906)
at com.framework.utils.Reporter.reportStep(Reporter.java:81)
at com.framework.utils.Reporter.reportStep(Reporter.java:108)
at com.framework.selenium.api.base.SeleniumBase.takeSnap(SeleniumBase.java:906)
at com.framework.utils.Reporter.reportStep(Reporter.java:81)
at com.framework.utils.Reporter.reportStep(Reporter.java:108)
at com.framework.selenium.api.base.SeleniumBase.takeSnap(SeleniumBase.java:906)
at com.framework.utils.Reporter.reportStep(Reporter.java:81)
at com.framework.utils.Reporter.reportStep(Reporter.java:108)
at com.framework.selenium.api.base.SeleniumBase.takeSnap(SeleniumBase.java:906)
at com.framework.utils.Reporter.reportStep(Reporter.java:81)
at com.framework.utils.Reporter.reportStep(Reporter.java:108)
at com.framework.selenium.api.base.SeleniumBase.takeSnap(SeleniumBase.java:906)
at com.framework.utils.Reporter.reportStep(Reporter.java:81)
at com.framework.utils.Reporter.reportStep(Reporter.java:108)
at com.framework.selenium.api.base.SeleniumBase.takeSnap(SeleniumBase.java:906)
at com.framework.utils.Reporter.reportStep(Reporter.java:81)
at com.framework.utils.Reporter.reportStep(Reporter.java:108)
at com.framework.selenium.api.base.SeleniumBase.takeSnap(SeleniumBase.java:906)
at com.framework.utils.Reporter.reportStep(Reporter.java:81)
at com.framework.utils.Reporter.reportStep(Reporter.java:108)
at com.framework.selenium.api.base.SeleniumBase.takeSnap(SeleniumBase.java:906)
at com.framework.utils.Reporter.reportStep(Reporter.java:81)
at com.framework.utils.Reporter.reportStep(Reporter.java:108)
at com.framework.selenium.api.base.SeleniumBase.takeSnap(SeleniumBase.java:906)
at com.framework.utils.Reporter.reportStep(Reporter.java:81)
at com.framework.utils.Reporter.reportStep(Reporter.java:108)
at com.framework.selenium.api.base.SeleniumBase.takeSnap(SeleniumBase.java:906)
at com.framework.utils.Reporter.reportStep(Reporter.java:81)
at com.framework.utils.Reporter.reportStep(Reporter.java:108)
at com.framework.selenium.api.base.SeleniumBase.takeSnap(SeleniumBase.java:906)
at com.framework.utils.Reporter.reportStep(Reporter.java:81)
at com.framework.utils.Reporter.reportStep(Reporter.java:108)
at com.framework.selenium.api.base.SeleniumBase.takeSnap(SeleniumBase.java:906)
at com.framework.utils.Reporter.reportStep(Reporter.java:81)
at com.framework.utils.Reporter.reportStep(Reporter.java:108)
at com.framework.selenium.api.base.SeleniumBase.takeSnap(SeleniumBase.java:906)
at com.framework.utils.Reporter.reportStep(Reporter.java:81)
at com.framework.utils.Reporter.reportStep(Reporter.java:108)
at com.framework.selenium.api.base.SeleniumBase.takeSnap(SeleniumBase.java:906)
at com.framework.utils.Reporter.reportStep(Reporter.java:81)
at com.framework.utils.Reporter.reportStep(Reporter.java:108)
at com.framework.selenium.api.base.SeleniumBase.takeSnap(SeleniumBase.java:906)
at com.framework.utils.Reporter.reportStep(Reporter.java:81)
at com.framework.utils.Reporter.reportStep(Reporter.java:108)
at com.framework.selenium.api.base.SeleniumBase.takeSnap(SeleniumBase.java:906)
at com.framework.utils.Reporter.reportStep(Reporter.java:81)
at com.framework.utils.Reporter.reportStep(Reporter.java:108)
at com.framework.selenium.api.base.SeleniumBase.takeSnap(SeleniumBase.java:906)
at com.framework.utils.Reporter.reportStep(Reporter.java:81)
at com.framework.utils.Reporter.reportStep(Reporter.java:108)
at com.framework.selenium.api.base.SeleniumBase.takeSnap(SeleniumBase.java:906)
at com.framework.utils.Reporter.reportStep(Reporter.java:81)
at com.framework.utils.Reporter.reportStep(Reporter.java:108)
at com.framework.selenium.api.base.SeleniumBase.takeSnap(SeleniumBase.java:906)
at com.framework.utils.Reporter.reportStep(Reporter.java:81)
at com.framework.utils.Reporter.reportStep(Reporter.java:108)
at com.framework.selenium.api.base.SeleniumBase.takeSnap(SeleniumBase.java:906)
at com.framework.utils.Reporter.reportStep(Reporter.java:81)
at com.framework.utils.Reporter.reportStep(Reporter.java:108)
at com.framework.selenium.api.base.SeleniumBase.takeSnap(SeleniumBase.java:906)
at com.framework.utils.Reporter.reportStep(Reporter.java:81)
at com.framework.utils.Reporter.reportStep(Reporter.java:108)
at com.framework.selenium.api.base.SeleniumBase.takeSnap(SeleniumBase.java:906)
at com.framework.utils.Reporter.reportStep(Reporter.java:81)
at com.framework.utils.Reporter.reportStep(Reporter.java:108)
at com.framework.selenium.api.base.SeleniumBase.takeSnap(SeleniumBase.java:906)
at com.framework.utils.Reporter.reportStep(Reporter.java:81)
at com.framework.utils.Reporter.reportStep(Reporter.java:108)
at com.framework.selenium.api.base.SeleniumBase.takeSnap(SeleniumBase.java:906)
at com.framework.utils.Reporter.reportStep(Reporter.java:81)
at com.framework.utils.Reporter.reportStep(Reporter.java:108)
at com.framework.selenium.api.base.SeleniumBase.takeSnap(SeleniumBase.java:906)
at com.framework.utils.Reporter.reportStep(Reporter.java:81)
at com.framework.utils.Reporter.reportStep(Reporter.java:108)
at com.framework.selenium.api.base.SeleniumBase.takeSnap(SeleniumBase.java:906)
at com.framework.utils.Reporter.reportStep(Reporter.java:81)
at com.framework.utils.Reporter.reportStep(Reporter.java:108)
at com.framework.selenium.api.base.SeleniumBase.takeSnap(SeleniumBase.java:906)
at com.framework.utils.Reporter.reportStep(Reporter.java:81)
at com.framework.utils.Reporter.reportStep(Reporter.java:108)
at com.framework.selenium.api.base.SeleniumBase.takeSnap(SeleniumBase.java:906)
at com.framework.utils.Reporter.reportStep(Reporter.java:81)
at com.framework.utils.Reporter.reportStep(Reporter.java:108)
at com.framework.selenium.api.base.SeleniumBase.takeSnap(SeleniumBase.java:906)
at com.framework.utils.Reporter.reportStep(Reporter.java:81)
at com.framework.utils.Reporter.reportStep(Reporter.java:108)
at com.framework.selenium.api.base.SeleniumBase.takeSnap(SeleniumBase.java:906)
at com.framework.utils.Reporter.reportStep(Reporter.java:81)
at com.framework.utils.Reporter.reportStep(Reporter.java:108)
at com.framework.selenium.api.base.SeleniumBase.takeSnap(SeleniumBase.java:906)
at com.framework.utils.Reporter.reportStep(Reporter.java:81)
at com.framework.utils.Reporter.reportStep(Reporter.java:108)
at com.framework.selenium.api.base.SeleniumBase.takeSnap(SeleniumBase.java:906)
at com.framework.utils.Reporter.reportStep(Reporter.java:81)
at com.framework.utils.Reporter.reportStep(Reporter.java:108)
at com.framework.selenium.api.base.SeleniumBase.takeSnap(SeleniumBase.java:906)
at com.framework.utils.Reporter.reportStep(Reporter.java:81)
at com.framework.utils.Reporter.reportStep(Reporter.java:108)
at com.framework.selenium.api.base.SeleniumBase.takeSnap(SeleniumBase.java:906)
at com.framework.utils.Reporter.reportStep(Reporter.java:81)
at com.framework.utils.Reporter.reportStep(Reporter.java:108)
at com.framework.selenium.api.base.SeleniumBase.takeSnap(SeleniumBase.java:906)
at com.framework.utils.Reporter.reportStep(Reporter.java:81)
at com.framework.utils.Reporter.reportStep(Reporter.java:108)
at com.framework.selenium.api.base.SeleniumBase.takeSnap(SeleniumBase.java:906)
at com.framework.utils.Reporter.reportStep(Reporter.java:81)
at com.framework.utils.Reporter.reportStep(Reporter.java:108)
at com.framework.selenium.api.base.SeleniumBase.takeSnap(SeleniumBase.java:906)
at com.framework.utils.Reporter.reportStep(Reporter.java:81)
at com.framework.utils.Reporter.reportStep(Reporter.java:108)
at com.framework.selenium.api.base.SeleniumBase.takeSnap(SeleniumBase.java:906)
at com.framework.utils.Reporter.reportStep(Reporter.java:81)
at com.framework.utils.Reporter.reportStep(Reporter.java:108)
at com.framework.selenium.api.base.SeleniumBase.takeSnap(SeleniumBase.java:906)
at com.framework.utils.Reporter.reportStep(Reporter.java:81)
at com.framework.utils.Reporter.reportStep(Reporter.java:108)
at com.framework.selenium.api.base.SeleniumBase.takeSnap(SeleniumBase.java:906)
at com.framework.utils.Reporter.reportStep(Reporter.java:81)
at com.framework.utils.Reporter.reportStep(Reporter.java:108)
at com.framework.selenium.api.base.SeleniumBase.takeSnap(SeleniumBase.java:906)
at com.framework.utils.Reporter.reportStep(Reporter.java:81)
at com.framework.utils.Reporter.reportStep(Reporter.java:108)
at com.framework.selenium.api.base.SeleniumBase.takeSnap(SeleniumBase.java:906)
at com.framework.utils.Reporter.reportStep(Reporter.java:81)
at com.framework.utils.Reporter.reportStep(Reporter.java:108)
at com.framework.selenium.api.base.SeleniumBase.takeSnap(SeleniumBase.java:906)
at com.framework.utils.Reporter.reportStep(Reporter.java:81)
at com.framework.utils.Reporter.reportStep(Reporter.java:108)
at com.framework.selenium.api.base.SeleniumBase.takeSnap(SeleniumBase.java:906)
at com.framework.utils.Reporter.reportStep(Reporter.java:81)
at com.framework.utils.Reporter.reportStep(Reporter.java:108)
at com.framework.selenium.api.base.SeleniumBase.takeSnap(SeleniumBase.java:906)
at com.framework.utils.Reporter.reportStep(Reporter.java:81)
at com.framework.utils.Reporter.reportStep(Reporter.java:108)
at com.framework.selenium.api.base.SeleniumBase.takeSnap(SeleniumBase.java:906)
at com.framework.utils.Reporter.reportStep(Reporter.java:81)
at com.framework.utils.Reporter.reportStep(Reporter.java:108)
at com.framework.selenium.api.base.SeleniumBase.takeSnap(SeleniumBase.java:906)
at com.framework.utils.Reporter.reportStep(Reporter.java:81)
at com.framework.utils.Reporter.reportStep(Reporter.java:108)
at com.framework.selenium.api.base.SeleniumBase.takeSnap(SeleniumBase.java:906)
at com.framework.utils.Reporter.reportStep(Reporter.java:81)
at com.framework.utils.Reporter.reportStep(Reporter.java:108)
at com.framework.selenium.api.base.SeleniumBase.takeSnap(SeleniumBase.java:906)
at com.framework.utils.Reporter.reportStep(Reporter.java:81)
at com.framework.utils.Reporter.reportStep(Reporter.java:108)
at com.framework.selenium.api.base.SeleniumBase.takeSnap(SeleniumBase.java:906)
at com.framework.utils.Reporter.reportStep(Reporter.java:81)
at com.framework.utils.Reporter.reportStep(Reporter.java:108)
at com.framework.selenium.api.base.SeleniumBase.takeSnap(SeleniumBase.java:906)
at com.framework.utils.Reporter.reportStep(Reporter.java:81)
at com.framework.utils.Reporter.reportStep(Reporter.java:108)
at com.framework.selenium.api.base.SeleniumBase.takeSnap(SeleniumBase.java:906)
at com.framework.utils.Reporter.reportStep(Reporter.java:81)
at com.framework.utils.Reporter.reportStep(Reporter.java:108)
at com.framework.selenium.api.base.SeleniumBase.takeSnap(SeleniumBase.java:906)
at com.framework.utils.Reporter.reportStep(Reporter.java:81)
at com.framework.utils.Reporter.reportStep(Reporter.java:108)
at com.framework.selenium.api.base.SeleniumBase.takeSnap(SeleniumBase.java:906)
at com.framework.utils.Reporter.reportStep(Reporter.java:81)
at com.framework.utils.Reporter.reportStep(Reporter.java:108)
at com.framework.selenium.api.base.SeleniumBase.takeSnap(SeleniumBase.java:906)
at com.framework.utils.Reporter.reportStep(Reporter.java:81)
at com.framework.utils.Reporter.reportStep(Reporter.java:108)
at com.framework.selenium.api.base.SeleniumBase.takeSnap(SeleniumBase.java:906)
at com.framework.utils.Reporter.reportStep(Reporter.java:81)
at com.framework.utils.Reporter.reportStep(Reporter.java:108)
at com.framework.selenium.api.base.SeleniumBase.takeSnap(SeleniumBase.java:906)
at com.framework.utils.Reporter.reportStep(Reporter.java:81)
at com.framework.utils.Reporter.reportStep(Reporter.java:108)
at com.framework.selenium.api.base.SeleniumBase.takeSnap(SeleniumBase.java:906)
at com.framework.utils.Reporter.reportStep(Reporter.java:81)
at com.framework.utils.Reporter.reportStep(Reporter.java:108)
at com.framework.selenium.api.base.SeleniumBase.takeSnap(SeleniumBase.java:906)
at com.framework.utils.Reporter.reportStep(Reporter.java:81)
at com.framework.utils.Reporter.reportStep(Reporter.java:108)
at com.framework.selenium.api.base.SeleniumBase.takeSnap(SeleniumBase.java:906)
at com.framework.utils.Reporter.reportStep(Reporter.java:81)
at com.framework.utils.Reporter.reportStep(Reporter.java:108)
at com.framework.selenium.api.base.SeleniumBase.takeSnap(SeleniumBase.java:906)
at com.framework.utils.Reporter.reportStep(Reporter.java:81)
at com.framework.utils.Reporter.reportStep(Reporter.java:108)
at com.framework.selenium.api.base.SeleniumBase.takeSnap(SeleniumBase.java:906)
at com.framework.utils.Reporter.reportStep(Reporter.java:81)
at com.framework.utils.Reporter.reportStep(Reporter.java:108)
at com.framework.selenium.api.base.SeleniumBase.takeSnap(SeleniumBase.java:906)
at com.framework.utils.Reporter.reportStep(Reporter.java:81)
at com.framework.utils.Reporter.reportStep(Reporter.java:108)
at com.framework.selenium.api.base.SeleniumBase.takeSnap(SeleniumBase.java:906)
at com.framework.utils.Reporter.reportStep(Reporter.java:81)
at com.framework.utils.Reporter.reportStep(Reporter.java:108)
at com.framework.selenium.api.base.SeleniumBase.takeSnap(SeleniumBase.java:906)
at com.framework.utils.Reporter.reportStep(Reporter.java:81)
at com.framework.utils.Reporter.reportStep(Reporter.java:108)
at com.framework.selenium.api.base.SeleniumBase.takeSnap(SeleniumBase.java:906)
at com.framework.utils.Reporter.reportStep(Reporter.java:81)
at com.framework.utils.Reporter.reportStep(Reporter.java:108)
at com.framework.selenium.api.base.SeleniumBase.takeSnap(SeleniumBase.java:906)
at com.framework.utils.Reporter.reportStep(Reporter.java:81)
at com.framework.utils.Reporter.reportStep(Reporter.java:108)
at com.framework.selenium.api.base.SeleniumBase.takeSnap(SeleniumBase.java:906)
at com.framework.utils.Reporter.reportStep(Reporter.java:81)
at com.framework.utils.Reporter.reportStep(Reporter.java:108)
at com.framework.selenium.api.base.SeleniumBase.takeSnap(SeleniumBase.java:906)
at com.framework.utils.Reporter.reportStep(Reporter.java:81)
at com.framework.utils.Reporter.reportStep(Reporter.java:108)
at com.framework.selenium.api.base.SeleniumBase.takeSnap(SeleniumBase.java:906)
at com.framework.utils.Reporter.reportStep(Reporter.java:81)
at com.framework.utils.Reporter.reportStep(Reporter.java:108)
at com.framework.selenium.api.base.SeleniumBase.takeSnap(SeleniumBase.java:906)
at com.framework.utils.Reporter.reportStep(Reporter.java:81)
at com.framework.utils.Reporter.reportStep(Reporter.java:108)
at com.framework.selenium.api.base.SeleniumBase.takeSnap(SeleniumBase.java:906)
at com.framework.utils.Reporter.reportStep(Reporter.java:81)
at com.framework.utils.Reporter.reportStep(Reporter.java:108)
at com.framework.selenium.api.base.SeleniumBase.takeSnap(SeleniumBase.java:906)
at com.framework.utils.Reporter.reportStep(Reporter.java:81)
at com.framework.utils.Reporter.reportStep(Reporter.java:108)
at com.framework.selenium.api.base.SeleniumBase.takeSnap(SeleniumBase.java:906)
at com.framework.utils.Reporter.reportStep(Reporter.java:81)
at com.framework.utils.Reporter.reportStep(Reporter.java:108)
at com.framework.selenium.api.base.SeleniumBase.takeSnap(SeleniumBase.java:906)
at com.framework.utils.Reporter.reportStep(Reporter.java:81)
at com.framework.utils.Reporter.reportStep(Reporter.java:108)
at com.framework.selenium.api.base.SeleniumBase.takeSnap(SeleniumBase.java:906)
at com.framework.utils.Reporter.reportStep(Reporter.java:81)
at com.framework.utils.Reporter.reportStep(Reporter.java:108)
at com.framework.selenium.api.base.SeleniumBase.takeSnap(SeleniumBase.java:906)
at com.framework.utils.Reporter.reportStep(Reporter.java:81)
at com.framework.utils.Reporter.reportStep(Reporter.java:108)
at com.framework.selenium.api.base.SeleniumBase.takeSnap(SeleniumBase.java:906)
at com.framework.utils.Reporter.reportStep(Reporter.java:81)
at com.framework.utils.Reporter.reportStep(Reporter.java:108)
at com.framework.selenium.api.base.SeleniumBase.takeSnap(SeleniumBase.java:906)
at com.framework.utils.Reporter.reportStep(Reporter.java:81)
at com.framework.utils.Reporter.reportStep(Reporter.java:108)
at com.framework.selenium.api.base.SeleniumBase.takeSnap(SeleniumBase.java:906)
at com.framework.utils.Reporter.reportStep(Reporter.java:81)
at com.framework.utils.Reporter.reportStep(Reporter.java:108)
at com.framework.selenium.api.base.SeleniumBase.takeSnap(SeleniumBase.java:906)
at com.framework.utils.Reporter.reportStep(Reporter.java:81)
at com.framework.utils.Reporter.reportStep(Reporter.java:108)
at com.framework.selenium.api.base.SeleniumBase.takeSnap(SeleniumBase.java:906)
at com.framework.utils.Reporter.reportStep(Reporter.java:81)
at com.framework.utils.Reporter.reportStep(Reporter.java:108)
at com.framework.selenium.api.base.SeleniumBase.takeSnap(SeleniumBase.java:906)
at com.framework.utils.Reporter.reportStep(Reporter.java:81)
at com.framework.utils.Reporter.reportStep(Reporter.java:108)
at com.framework.selenium.api.base.SeleniumBase.takeSnap(SeleniumBase.java:906)
at com.framework.utils.Reporter.reportStep(Reporter.java:81)
at com.framework.utils.Reporter.reportStep(Reporter.java:108)
at com.framework.selenium.api.base.SeleniumBase.takeSnap(SeleniumBase.java:906)
at com.framework.utils.Reporter.reportStep(Reporter.java:81)
at com.framework.utils.Reporter.reportStep(Reporter.java:108)
at com.framework.selenium.api.base.SeleniumBase.takeSnap(SeleniumBase.java:906)
at com.framework.utils.Reporter.reportStep(Reporter.java:81)
at com.framework.utils.Reporter.reportStep(Reporter.java:108)
at com.framework.selenium.api.base.SeleniumBase.takeSnap(SeleniumBase.java:906)
at com.framework.utils.Reporter.reportStep(Reporter.java:81)
at com.framework.utils.Reporter.reportStep(Reporter.java:108)
at com.framework.selenium.api.base.SeleniumBase.takeSnap(SeleniumBase.java:906)
at com.framework.utils.Reporter.reportStep(Reporter.java:81)
at com.framework.utils.Reporter.reportStep(Reporter.java:108)
at com.framework.selenium.api.base.SeleniumBase.takeSnap(SeleniumBase.java:906)
at com.framework.utils.Reporter.reportStep(Reporter.java:81)
at com.framework.utils.Reporter.reportStep(Reporter.java:108)
at com.framework.selenium.api.base.SeleniumBase.takeSnap(SeleniumBase.java:906)
at com.framework.utils.Reporter.reportStep(Reporter.java:81)
at com.framework.utils.Reporter.reportStep(Reporter.java:108)
at com.framework.selenium.api.base.SeleniumBase.takeSnap(SeleniumBase.java:906)
at com.framework.utils.Reporter.reportStep(Reporter.java:81)
at com.framework.utils.Reporter.reportStep(Reporter.java:108)
at com.framework.selenium.api.base.SeleniumBase.takeSnap(SeleniumBase.java:906)
at com.framework.utils.Reporter.reportStep(Reporter.java:81)
at com.framework.utils.Reporter.reportStep(Reporter.java:108)
at com.framework.selenium.api.base.SeleniumBase.takeSnap(SeleniumBase.java:906)
at com.framework.utils.Reporter.reportStep(Reporter.java:81)
at com.framework.utils.Reporter.reportStep(Reporter.java:108)
at com.framework.selenium.api.base.SeleniumBase.takeSnap(SeleniumBase.java:906)
at com.framework.utils.Reporter.reportStep(Reporter.java:81)
at com.framework.utils.Reporter.reportStep(Reporter.java:108)
at com.framework.selenium.api.base.SeleniumBase.takeSnap(SeleniumBase.java:906)
at com.framework.utils.Reporter.reportStep(Reporter.java:81)
at com.framework.utils.Reporter.reportStep(Reporter.java:108)
at com.framework.selenium.api.base.SeleniumBase.takeSnap(SeleniumBase.java:906)
at com.framework.utils.Reporter.reportStep(Reporter.java:81)
at com.framework.utils.Reporter.reportStep(Reporter.java:108)
at com.framework.selenium.api.base.SeleniumBase.takeSnap(SeleniumBase.java:906)
at com.framework.utils.Reporter.reportStep(Reporter.java:81)
at com.framework.utils.Reporter.reportStep(Reporter.java:108)
at com.framework.selenium.api.base.SeleniumBase.takeSnap(SeleniumBase.java:906)
at com.framework.utils.Reporter.reportStep(Reporter.java:81)
at com.framework.utils.Reporter.reportStep(Reporter.java:108)
at com.framework.selenium.api.base.SeleniumBase.takeSnap(SeleniumBase.java:906)
at com.framework.utils.Reporter.reportStep(Reporter.java:81)
at com.framework.utils.Reporter.reportStep(Reporter.java:108)
at com.framework.selenium.api.base.SeleniumBase.takeSnap(SeleniumBase.java:906)
at com.framework.utils.Reporter.reportStep(Reporter.java:81)
at com.framework.utils.Reporter.reportStep(Reporter.java:108)
at com.framework.selenium.api.base.SeleniumBase.takeSnap(SeleniumBase.java:906)
at com.framework.utils.Reporter.reportStep(Reporter.java:81)
at com.framework.utils.Reporter.reportStep(Reporter.java:108)
at com.framework.selenium.api.base.SeleniumBase.takeSnap(SeleniumBase.java:906)
at com.framework.utils.Reporter.reportStep(Reporter.java:81)
at com.framework.utils.Reporter.reportStep(Reporter.java:108)
at com.framework.selenium.api.base.SeleniumBase.takeSnap(SeleniumBase.java:906)
at com.framework.utils.Reporter.reportStep(Reporter.java:81)
at com.framework.utils.Reporter.reportStep(Reporter.java:108)
at com.framework.selenium.api.base.SeleniumBase.takeSnap(SeleniumBase.java:906)
at com.framework.utils.Reporter.reportStep(Reporter.java:81)
at com.framework.utils.Reporter.reportStep(Reporter.java:108)
at com.framework.selenium.api.base.SeleniumBase.takeSnap(SeleniumBase.java:906)
at com.framework.utils.Reporter.reportStep(Reporter.java:81)
at com.framework.utils.Reporter.reportStep(Reporter.java:108)
at com.framework.selenium.api.base.SeleniumBase.takeSnap(SeleniumBase.java:906)
at com.framework.utils.Reporter.reportStep(Reporter.java:81)
at com.framework.utils.Reporter.reportStep(Reporter.java:108)
at com.framework.selenium.api.base.SeleniumBase.takeSnap(SeleniumBase.java:906)
at com.framework.utils.Reporter.reportStep(Reporter.java:81)
at com.framework.utils.Reporter.reportStep(Reporter.java:108)
at com.framework.selenium.api.base.SeleniumBase.takeSnap(SeleniumBase.java:906)
at com.framework.utils.Reporter.reportStep(Reporter.java:81)
at com.framework.utils.Reporter.reportStep(Reporter.java:108)
at com.framework.selenium.api.base.SeleniumBase.takeSnap(SeleniumBase.java:906)
at com.framework.utils.Reporter.reportStep(Reporter.java:81)
at com.framework.utils.Reporter.reportStep(Reporter.java:108)
at com.framework.selenium.api.base.SeleniumBase.takeSnap(SeleniumBase.java:906)
at com.framework.utils.Reporter.reportStep(Reporter.java:81)
at com.framework.utils.Reporter.reportStep(Reporter.java:108)
at com.framework.selenium.api.base.SeleniumBase.takeSnap(SeleniumBase.java:906)
at com.framework.utils.Reporter.reportStep(Reporter.java:81)
at com.framework.utils.Reporter.reportStep(Reporter.java:108)
at com.framework.selenium.api.base.SeleniumBase.takeSnap(SeleniumBase.java:906)
at com.framework.utils.Reporter.reportStep(Reporter.java:81)
at com.framework.utils.Reporter.reportStep(Reporter.java:108)
at com.framework.selenium.api.base.SeleniumBase.takeSnap(SeleniumBase.java:906)
at com.framework.utils.Reporter.reportStep(Reporter.java:81)
at com.framework.utils.Reporter.reportStep(Reporter.java:108)
at com.framework.selenium.api.base.SeleniumBase.takeSnap(SeleniumBase.java:906)
at com.framework.utils.Reporter.reportStep(Reporter.java:81)
at com.framework.utils.Reporter.reportStep(Reporter.java:108)
at com.framework.selenium.api.base.SeleniumBase.takeSnap(SeleniumBase.java:906)
at com.framework.utils.Reporter.reportStep(Reporter.java:81)
at com.framework.utils.Reporter.reportStep(Reporter.java:108)
at com.framework.selenium.api.base.SeleniumBase.takeSnap(SeleniumBase.java:906)
at com.framework.utils.Reporter.reportStep(Reporter.java:81)
at com.framework.utils.Reporter.reportStep(Reporter.java:108)
at com.framework.selenium.api.base.SeleniumBase.takeSnap(SeleniumBase.java:906)
at com.framework.utils.Reporter.reportStep(Reporter.java:81)
at com.framework.utils.Reporter.reportStep(Reporter.java:108)
at com.framework.selenium.api.base.SeleniumBase.takeSnap(SeleniumBase.java:906)
at com.framework.utils.Reporter.reportStep(Reporter.java:81)
at com.framework.utils.Reporter.reportStep(Reporter.java:108)
at com.framework.selenium.api.base.SeleniumBase.takeSnap(SeleniumBase.java:906)
at com.framework.utils.Reporter.reportStep(Reporter.java:81)
at com.framework.utils.Reporter.reportStep(Reporter.java:108)
at com.framework.selenium.api.base.SeleniumBase.takeSnap(SeleniumBase.java:906)
at com.framework.utils.Reporter.reportStep(Reporter.java:81)
at com.framework.utils.Reporter.reportStep(Reporter.java:108)
at com.framework.selenium.api.base.SeleniumBase.takeSnap(SeleniumBase.java:906)
at com.framework.utils.Reporter.reportStep(Reporter.java:81)
at com.framework.utils.Reporter.reportStep(Reporter.java:108)
at com.framework.selenium.api.base.SeleniumBase.takeSnap(SeleniumBase.java:906)
at com.framework.utils.Reporter.reportStep(Reporter.java:81)
at com.framework.utils.Reporter.reportStep(Reporter.java:108)
at com.framework.selenium.api.base.SeleniumBase.takeSnap(SeleniumBase.java:906)
at com.framework.utils.Reporter.reportStep(Reporter.java:81)
at com.framework.utils.Reporter.reportStep(Reporter.java:108)
at com.framework.selenium.api.base.SeleniumBase.takeSnap(SeleniumBase.java:906)
at com.framework.utils.Reporter.reportStep(Reporter.java:81)
at com.framework.utils.Reporter.reportStep(Reporter.java:108)
at com.framework.selenium.api.base.SeleniumBase.takeSnap(SeleniumBase.java:906)
at com.framework.utils.Reporter.reportStep(Reporter.java:81)
at com.framework.utils.Reporter.reportStep(Reporter.java:108)
at com.framework.selenium.api.base.SeleniumBase.takeSnap(SeleniumBase.java:906)
at com.framework.utils.Reporter.reportStep(Reporter.java:81)
at com.framework.utils.Reporter.reportStep(Reporter.java:108)
at com.framework.selenium.api.base.SeleniumBase.takeSnap(SeleniumBase.java:906)
at com.framework.utils.Reporter.reportStep(Reporter.java:81)
at com.framework.utils.Reporter.reportStep(Reporter.java:108)
at com.framework.selenium.api.base.SeleniumBase.takeSnap(SeleniumBase.java:906)
at com.framework.utils.Reporter.reportStep(Reporter.java:81)
at com.framework.utils.Reporter.reportStep(Reporter.java:108)
at com.framework.selenium.api.base.SeleniumBase.takeSnap(SeleniumBase.java:906)
at com.framework.utils.Reporter.reportStep(Reporter.java:81)
at com.framework.utils.Reporter.reportStep(Reporter.java:108)
at com.framework.selenium.api.base.SeleniumBase.takeSnap(SeleniumBase.java:906)
at com.framework.utils.Reporter.reportStep(Reporter.java:81)
at com.framework.utils.Reporter.reportStep(Reporter.java:108)
at com.framework.selenium.api.base.SeleniumBase.takeSnap(SeleniumBase.java:906)
at com.framework.utils.Reporter.reportStep(Reporter.java:81)
at com.framework.utils.Reporter.reportStep(Reporter.java:108)
at com.framework.selenium.api.base.SeleniumBase.takeSnap(SeleniumBase.java:906)
at com.framework.utils.Reporter.reportStep(Reporter.java:81)
at com.framework.utils.Reporter.reportStep(Reporter.java:108)
at com.framework.selenium.api.base.SeleniumBase.takeSnap(SeleniumBase.java:906)
at com.framework.utils.Reporter.reportStep(Reporter.java:81)
at com.framework.utils.Reporter.reportStep(Reporter.java:108)
at com.framework.selenium.api.base.SeleniumBase.takeSnap(SeleniumBase.java:906)
at com.framework.utils.Reporter.reportStep(Reporter.java:81)
at com.framework.utils.Reporter.reportStep(Reporter.java:108)
at com.framework.selenium.api.base.SeleniumBase.takeSnap(SeleniumBase.java:906)
at com.framework.utils.Reporter.reportStep(Reporter.java:81)
at com.framework.utils.Reporter.reportStep(Reporter.java:108)
at com.framework.selenium.api.base.SeleniumBase.takeSnap(SeleniumBase.java:906)
at com.framework.utils.Reporter.reportStep(Reporter.java:81)
at com.framework.utils.Reporter.reportStep(Reporter.java:108)
at com.framework.selenium.api.base.SeleniumBase.takeSnap(SeleniumBase.java:906)
at com.framework.utils.Reporter.reportStep(Reporter.java:81)
at com.framework.utils.Reporter.reportStep(Reporter.java:108)
at com.framework.selenium.api.base.SeleniumBase.takeSnap(SeleniumBase.java:906)
at com.framework.utils.Reporter.reportStep(Reporter.java:81)
at com.framework.utils.Reporter.reportStep(Reporter.java:108)
at com.framework.selenium.api.base.SeleniumBase.takeSnap(SeleniumBase.java:906)
at com.framework.utils.Reporter.reportStep(Reporter.java:81)
at com.framework.utils.Reporter.reportStep(Reporter.java:108)
at com.framework.selenium.api.base.SeleniumBase.takeSnap(SeleniumBase.java:906)
at com.framework.utils.Reporter.reportStep(Reporter.java:81)
at com.framework.utils.Reporter.reportStep(Reporter.java:108)
at com.framework.selenium.api.base.SeleniumBase.takeSnap(SeleniumBase.java:906)
at com.framework.utils.Reporter.reportStep(Reporter.java:81)
at com.framework.utils.Reporter.reportStep(Reporter.java:108)
at com.framework.selenium.api.base.SeleniumBase.takeSnap(SeleniumBase.java:906)
at com.framework.utils.Reporter.reportStep(Reporter.java:81)
at com.framework.utils.Reporter.reportStep(Reporter.java:108)
at com.framework.selenium.api.base.SeleniumBase.takeSnap(SeleniumBase.java:906)
at com.framework.utils.Reporter.reportStep(Reporter.java:81)
at com.framework.utils.Reporter.reportStep(Reporter.java:108)
at com.framework.selenium.api.base.SeleniumBase.takeSnap(SeleniumBase.java:906)
at com.framework.utils.Reporter.reportStep(Reporter.java:81)
at com.framework.utils.Reporter.reportStep(Reporter.java:108)
at com.framework.selenium.api.base.SeleniumBase.takeSnap(SeleniumBase.java:906)
at com.framework.utils.Reporter.reportStep(Reporter.java:81)
at com.framework.utils.Reporter.reportStep(Reporter.java:108)
at com.framework.selenium.api.base.SeleniumBase.takeSnap(SeleniumBase.java:906)
at com.framework.utils.Reporter.reportStep(Reporter.java:81)
at com.framework.utils.Reporter.reportStep(Reporter.java:108)
at com.framework.selenium.api.base.SeleniumBase.takeSnap(SeleniumBase.java:906)
at com.framework.utils.Reporter.reportStep(Reporter.java:81)
at com.framework.utils.Reporter.reportStep(Reporter.java:108)
at com.framework.selenium.api.base.SeleniumBase.takeSnap(SeleniumBase.java:906)
at com.framework.utils.Reporter.reportStep(Reporter.java:81)
at com.framework.utils.Reporter.reportStep(Reporter.java:108)
at com.framework.selenium.api.base.SeleniumBase.takeSnap(SeleniumBase.java:906)
at com.framework.utils.Reporter.reportStep(Reporter.java:81)
at com.framework.utils.Reporter.reportStep(Reporter.java:108)
at com.framework.selenium.api.base.SeleniumBase.takeSnap(SeleniumBase.java:906)
at com.framework.utils.Reporter.reportStep(Reporter.java:81)
at com.framework.utils.Reporter.reportStep(Reporter.java:108)
at com.framework.selenium.api.base.SeleniumBase.takeSnap(SeleniumBase.java:906)
at com.framework.utils.Reporter.reportStep(Reporter.java:81)
at com.framework.utils.Reporter.reportStep(Reporter.java:108)
at com.framework.selenium.api.base.SeleniumBase.takeSnap(SeleniumBase.java:906)
at com.framework.utils.Reporter.reportStep(Reporter.java:81)
at com.framework.utils.Reporter.reportStep(Reporter.java:108)
at com.framework.selenium.api.base.SeleniumBase.takeSnap(SeleniumBase.java:906)
at com.framework.utils.Reporter.reportStep(Reporter.java:81)
at com.framework.utils.Reporter.reportStep(Reporter.java:108)
at com.framework.selenium.api.base.SeleniumBase.takeSnap(SeleniumBase.java:906)
at com.framework.utils.Reporter.reportStep(Reporter.java:81)
at com.framework.utils.Reporter.reportStep(Reporter.java:108)
at com.framework.selenium.api.base.SeleniumBase.takeSnap(SeleniumBase.java:906)
at com.framework.utils.Reporter.reportStep(Reporter.java:81)
at com.framework.utils.Reporter.reportStep(Reporter.java:108)
at com.framework.selenium.api.base.SeleniumBase.takeSnap(SeleniumBase.java:906)
at com.framework.utils.Reporter.reportStep(Reporter.java:81)
at com.framework.utils.Reporter.reportStep(Reporter.java:108)
at com.framework.selenium.api.base.SeleniumBase.takeSnap(SeleniumBase.java:906)
at com.framework.utils.Reporter.reportStep(Reporter.java:81)
at com.framework.utils.Reporter.reportStep(Reporter.java:108)
at com.framework.selenium.api.base.SeleniumBase.takeSnap(SeleniumBase.java:906)
at com.framework.utils.Reporter.reportStep(Reporter.java:81)
at com.framework.utils.Reporter.reportStep(Reporter.java:108)
at com.framework.selenium.api.base.SeleniumBase.takeSnap(SeleniumBase.java:906)
at com.framework.utils.Reporter.reportStep(Reporter.java:81)
at com.framework.utils.Reporter.reportStep(Reporter.java:108)
at com.framework.selenium.api.base.SeleniumBase.takeSnap(SeleniumBase.java:906)
at com.framework.utils.Reporter.reportStep(Reporter.java:81)
at com.framework.utils.Reporter.reportStep(Reporter.java:108)
at com.framework.selenium.api.base.SeleniumBase.takeSnap(SeleniumBase.java:906)
at com.framework.utils.Reporter.reportStep(Reporter.java:81)
at com.framework.utils.Reporter.reportStep(Reporter.java:108)
at com.framework.selenium.api.base.SeleniumBase.takeSnap(SeleniumBase.java:906)
at com.framework.utils.Reporter.reportStep(Reporter.java:81)
at com.framework.utils.Reporter.reportStep(Reporter.java:108)
at com.framework.selenium.api.base.SeleniumBase.takeSnap(SeleniumBase.java:906)
at com.framework.utils.Reporter.reportStep(Reporter.java:81)
at com.framework.utils.Reporter.reportStep(Reporter.java:108)
at com.framework.selenium.api.base.SeleniumBase.takeSnap(SeleniumBase.java:906)
at com.framework.utils.Reporter.reportStep(Reporter.java:81)
at com.framework.utils.Reporter.reportStep(Reporter.java:108)
at com.framework.selenium.api.base.SeleniumBase.takeSnap(SeleniumBase.java:906)
at com.framework.utils.Reporter.reportStep(Reporter.java:81)
at com.framework.utils.Reporter.reportStep(Reporter.java:108)
at com.framework.selenium.api.base.SeleniumBase.takeSnap(SeleniumBase.java:906)
at com.framework.utils.Reporter.reportStep(Reporter.java:81)
at com.framework.utils.Reporter.reportStep(Reporter.java:108)
at com.framework.selenium.api.base.SeleniumBase.takeSnap(SeleniumBase.java:906)
at com.framework.utils.Reporter.reportStep(Reporter.java:81)
at com.framework.utils.Reporter.reportStep(Reporter.java:108)
at com.framework.selenium.api.base.SeleniumBase.takeSnap(SeleniumBase.java:906)
at com.framework.utils.Reporter.reportStep(Reporter.java:81)
at com.framework.utils.Reporter.reportStep(Reporter.java:108)
at com.framework.selenium.api.base.SeleniumBase.takeSnap(SeleniumBase.java:906)
at com.framework.utils.Reporter.reportStep(Reporter.java:81)
at com.framework.utils.Reporter.reportStep(Reporter.java:108)
at com.framework.selenium.api.base.SeleniumBase.takeSnap(SeleniumBase.java:906)
at com.framework.utils.Reporter.reportStep(Reporter.java:81)
at com.framework.utils.Reporter.reportStep(Reporter.java:108)
at com.framework.selenium.api.base.SeleniumBase.takeSnap(SeleniumBase.java:906)
at com.framework.utils.Reporter.reportStep(Reporter.java:81)
at com.framework.utils.Reporter.reportStep(Reporter.java:108)
at com.framework.selenium.api.base.SeleniumBase.takeSnap(SeleniumBase.java:906)
at com.framework.utils.Reporter.reportStep(Reporter.java:81)
at com.framework.utils.Reporter.reportStep(Reporter.java:108)
at com.framework.selenium.api.base.SeleniumBase.takeSnap(SeleniumBase.java:906)
at com.framework.utils.Reporter.reportStep(Reporter.java:81)
at com.framework.utils.Reporter.reportStep(Reporter.java:108)
at com.framework.selenium.api.base.SeleniumBase.takeSnap(SeleniumBase.java:906)
at com.framework.utils.Reporter.reportStep(Reporter.java:81)
at com.framework.utils.Reporter.reportStep(Reporter.java:108)
at com.framework.selenium.api.base.SeleniumBase.takeSnap(SeleniumBase.java:906)
at com.framework.utils.Reporter.reportStep(Reporter.java:81)
at com.framework.utils.Reporter.reportStep(Reporter.java:108)
at com.framework.selenium.api.base.SeleniumBase.takeSnap(SeleniumBase.java:906)
at com.framework.utils.Reporter.reportStep(Reporter.java:81)
at com.framework.utils.Reporter.reportStep(Reporter.java:108)
at com.framework.selenium.api.base.SeleniumBase.takeSnap(SeleniumBase.java:906)
at com.framework.utils.Reporter.reportStep(Reporter.java:81)
at com.framework.utils.Reporter.reportStep(Reporter.java:108)
at com.framework.selenium.api.base.SeleniumBase.takeSnap(SeleniumBase.java:906)
at com.framework.utils.Reporter.reportStep(Reporter.java:81)
at com.framework.utils.Reporter.reportStep(Reporter.java:108)
at com.framework.selenium.api.base.SeleniumBase.takeSnap(SeleniumBase.java:906)
at com.framework.utils.Reporter.reportStep(Reporter.java:81)
at com.framework.utils.Reporter.reportStep(Reporter.java:108)
at com.framework.selenium.api.base.SeleniumBase.takeSnap(SeleniumBase.java:906)
at com.framework.utils.Reporter.reportStep(Reporter.java:81)
at com.framework.utils.Reporter.reportStep(Reporter.java:108)
at com.framework.selenium.api.base.SeleniumBase.takeSnap(SeleniumBase.java:906)
at com.framework.utils.Reporter.reportStep(Reporter.java:81)
at com.framework.utils.Reporter.reportStep(Reporter.java:108)
at com.framework.selenium.api.base.SeleniumBase.takeSnap(SeleniumBase.java:906)
at com.framework.utils.Reporter.reportStep(Reporter.java:81)
at com.framework.utils.Reporter.reportStep(Reporter.java:108)
at com.framework.selenium.api.base.SeleniumBase.takeSnap(SeleniumBase.java:906)
at com.framework.utils.Reporter.reportStep(Reporter.java:81)
at com.framework.utils.Reporter.reportStep(Reporter.java:108)
at com.framework.selenium.api.base.SeleniumBase.takeSnap(SeleniumBase.java:906)
at com.framework.utils.Reporter.reportStep(Reporter.java:81)
at com.framework.utils.Reporter.reportStep(Reporter.java:108)
at com.framework.selenium.api.base.SeleniumBase.takeSnap(SeleniumBase.java:906)
at com.framework.utils.Reporter.reportStep(Reporter.java:81)
at com.framework.utils.Reporter.reportStep(Reporter.java:108)
at com.framework.selenium.api.base.SeleniumBase.takeSnap(SeleniumBase.java:906)
at com.framework.utils.Reporter.reportStep(Reporter.java:81)
at com.framework.utils.Reporter.reportStep(Reporter.java:108)
at com.framework.selenium.api.base.SeleniumBase.takeSnap(SeleniumBase.java:906)
at com.framework.utils.Reporter.reportStep(Reporter.java:81)
at com.framework.utils.Reporter.reportStep(Reporter.java:108)
at com.framework.selenium.api.base.SeleniumBase.takeSnap(SeleniumBase.java:906)
at com.framework.utils.Reporter.reportStep(Reporter.java:81)
at com.framework.utils.Reporter.reportStep(Reporter.java:108)
at com.framework.selenium.api.base.SeleniumBase.takeSnap(SeleniumBase.java:906)
at com.framework.utils.Reporter.reportStep(Reporter.java:81)
at com.framework.utils.Reporter.reportStep(Reporter.java:108)
at com.framework.selenium.api.base.SeleniumBase.takeSnap(SeleniumBase.java:906)
at com.framework.utils.Reporter.reportStep(Reporter.java:81)
at com.framework.utils.Reporter.reportStep(Reporter.java:108)
at com.framework.selenium.api.base.SeleniumBase.takeSnap(SeleniumBase.java:906)
at com.framework.utils.Reporter.reportStep(Reporter.java:81)
at com.framework.utils.Reporter.reportStep(Reporter.java:108)
at com.framework.selenium.api.base.SeleniumBase.takeSnap(SeleniumBase.java:906)
at com.framework.utils.Reporter.reportStep(Reporter.java:81)
at com.framework.utils.Reporter.reportStep(Reporter.java:108)
at com.framework.selenium.api.base.SeleniumBase.takeSnap(SeleniumBase.java:906)
at com.framework.utils.Reporter.reportStep(Reporter.java:81)
at com.framework.utils.Reporter.reportStep(Reporter.java:108)
at com.framework.selenium.api.base.SeleniumBase.takeSnap(SeleniumBase.java:906)
at com.framework.utils.Reporter.reportStep(Reporter.java:81)
at com.framework.utils.Reporter.reportStep(Reporter.java:108)
at com.framework.selenium.api.base.SeleniumBase.takeSnap(SeleniumBase.java:906)
at com.framework.utils.Reporter.reportStep(Reporter.java:81)
at com.framework.utils.Reporter.reportStep(Reporter.java:108)
at com.framework.selenium.api.base.SeleniumBase.takeSnap(SeleniumBase.java:906)
at com.framework.utils.Reporter.reportStep(Reporter.java:81)
at com.framework.utils.Reporter.reportStep(Reporter.java:108)
at com.framework.selenium.api.base.SeleniumBase.takeSnap(SeleniumBase.java:906)
at com.framework.utils.Reporter.reportStep(Reporter.java:81)
at com.framework.utils.Reporter.reportStep(Reporter.java:108)
at com.framework.selenium.api.base.SeleniumBase.takeSnap(SeleniumBase.java:906)
at com.framework.utils.Reporter.reportStep(Reporter.java:81)
at com.framework.utils.Reporter.reportStep(Reporter.java:108)
at com.framework.selenium.api.base.SeleniumBase.takeSnap(SeleniumBase.java:906)
at com.framework.utils.Reporter.reportStep(Reporter.java:81)
at com.framework.utils.Reporter.reportStep(Reporter.java:108)
at com.framework.selenium.api.base.SeleniumBase.takeSnap(SeleniumBase.java:906)
at com.framework.utils.Reporter.reportStep(Reporter.java:81)
at com.framework.utils.Reporter.reportStep(Reporter.java:108)
at com.framework.selenium.api.base.SeleniumBase.takeSnap(SeleniumBase.java:906)
at com.framework.utils.Reporter.reportStep(Reporter.java:81)
at com.framework.utils.Reporter.reportStep(Reporter.java:108)
at com.framework.selenium.api.base.SeleniumBase.takeSnap(SeleniumBase.java:906)
at com.framework.utils.Reporter.reportStep(Reporter.java:81)
at com.framework.utils.Reporter.reportStep(Reporter.java:108)
at com.framework.selenium.api.base.SeleniumBase.takeSnap(SeleniumBase.java:906)
at com.framework.utils.Reporter.reportStep(Reporter.java:81)
at com.framework.utils.Reporter.reportStep(Reporter.java:108)
at com.framework.selenium.api.base.SeleniumBase.takeSnap(SeleniumBase.java:906)
at com.framework.utils.Reporter.reportStep(Reporter.java:81)
at com.framework.utils.Reporter.reportStep(Reporter.java:108)
at com.framework.selenium.api.base.SeleniumBase.takeSnap(SeleniumBase.java:906)
at com.framework.utils.Reporter.reportStep(Reporter.java:81)
at com.framework.utils.Reporter.reportStep(Reporter.java:108)
at com.framework.selenium.api.base.SeleniumBase.takeSnap(SeleniumBase.java:906)
at com.framework.utils.Reporter.reportStep(Reporter.java:81)
at com.framework.utils.Reporter.reportStep(Reporter.java:108)
at com.framework.selenium.api.base.SeleniumBase.takeSnap(SeleniumBase.java:906)
at com.framework.utils.Reporter.reportStep(Reporter.java:81)
at com.framework.utils.Reporter.reportStep(Reporter.java:108)
at com.framework.selenium.api.base.SeleniumBase.takeSnap(SeleniumBase.java:906)
at com.framework.utils.Reporter.reportStep(Reporter.java:81)
at com.framework.utils.Reporter.reportStep(Reporter.java:108)
at com.framework.selenium.api.base.SeleniumBase.takeSnap(SeleniumBase.java:906)
at com.framework.utils.Reporter.reportStep(Reporter.java:81)
at com.framework.utils.Reporter.reportStep(Reporter.java:108)
at com.framework.selenium.api.base.SeleniumBase.takeSnap(SeleniumBase.java:906)
at com.framework.utils.Reporter.reportStep(Reporter.java:81)
at com.framework.utils.Reporter.reportStep(Reporter.java:108)
at com.framework.selenium.api.base.SeleniumBase.takeSnap(SeleniumBase.java:906)
at com.framework.utils.Reporter.reportStep(Reporter.java:81)
at com.framework.utils.Reporter.reportStep(Reporter.java:108)
at com.framework.selenium.api.base.SeleniumBase.takeSnap(SeleniumBase.java:906)
at com.framework.utils.Reporter.reportStep(Reporter.java:81)
at com.framework.utils.Reporter.reportStep(Reporter.java:108)
at com.framework.selenium.api.base.SeleniumBase.takeSnap(SeleniumBase.java:906)
at com.framework.utils.Reporter.reportStep(Reporter.java:81)
at com.framework.utils.Reporter.reportStep(Reporter.java:108)
at com.framework.selenium.api.base.SeleniumBase.takeSnap(SeleniumBase.java:906)
at com.framework.utils.Reporter.reportStep(Reporter.java:81)
at com.framework.utils.Reporter.reportStep(Reporter.java:108)
at com.framework.selenium.api.base.SeleniumBase.takeSnap(SeleniumBase.java:906)
at com.framework.utils.Reporter.reportStep(Reporter.java:81)
at com.framework.utils.Reporter.reportStep(Reporter.java:108)
at com.framework.selenium.api.base.SeleniumBase.takeSnap(SeleniumBase.java:906)
at com.framework.utils.Reporter.reportStep(Reporter.java:81)
at com.framework.utils.Reporter.reportStep(Reporter.java:108)
at com.framework.selenium.api.base.SeleniumBase.takeSnap(SeleniumBase.java:906)
at com.framework.utils.Reporter.reportStep(Reporter.java:81)
at com.framework.utils.Reporter.reportStep(Reporter.java:108)
at com.framework.selenium.api.base.SeleniumBase.takeSnap(SeleniumBase.java:906)
at com.framework.utils.Reporter.reportStep(Reporter.java:81)
at com.framework.utils.Reporter.reportStep(Reporter.java:108)
at com.framework.selenium.api.base.SeleniumBase.takeSnap(SeleniumBase.java:906)
at com.framework.utils.Reporter.reportStep(Reporter.java:81)
at com.framework.utils.Reporter.reportStep(Reporter.java:108)
at com.framework.selenium.api.base.SeleniumBase.takeSnap(SeleniumBase.java:906)
at com.framework.utils.Reporter.reportStep(Reporter.java:81)
at com.framework.utils.Reporter.reportStep(Reporter.java:108)
at com.framework.selenium.api.base.SeleniumBase.takeSnap(SeleniumBase.java:906)
at com.framework.utils.Reporter.reportStep(Reporter.java:81)
at com.framework.utils.Reporter.reportStep(Reporter.java:108)
at com.framework.selenium.api.base.SeleniumBase.takeSnap(SeleniumBase.java:906)
at com.framework.utils.Reporter.reportStep(Reporter.java:81)
at com.framework.utils.Reporter.reportStep(Reporter.java:108)
at com.framework.selenium.api.base.SeleniumBase.takeSnap(SeleniumBase.java:906)
at com.framework.utils.Reporter.reportStep(Reporter.java:81)
at com.framework.utils.Reporter.reportStep(Reporter.java:108)
at com.framework.selenium.api.base.SeleniumBase.takeSnap(SeleniumBase.java:906)
at com.framework.utils.Reporter.reportStep(Reporter.java:81)
at com.framework.utils.Reporter.reportStep(Reporter.java:108)
at com.framework.selenium.api.base.SeleniumBase.takeSnap(SeleniumBase.java:906)
at com.framework.utils.Reporter.reportStep(Reporter.java:81)
at com.framework.utils.Reporter.reportStep(Reporter.java:108)
at com.framework.selenium.api.base.SeleniumBase.takeSnap(SeleniumBase.java:906)
at com.framework.utils.Reporter.reportStep(Reporter.java:81)
at com.framework.utils.Reporter.reportStep(Reporter.java:108)
at com.framework.selenium.api.base.SeleniumBase.takeSnap(SeleniumBase.java:906)
at com.framework.utils.Reporter.reportStep(Reporter.java:81)
at com.framework.utils.Reporter.reportStep(Reporter.java:108)
at com.framework.selenium.api.base.SeleniumBase.takeSnap(SeleniumBase.java:906)
at com.framework.utils.Reporter.reportStep(Reporter.java:81)
at com.framework.utils.Reporter.reportStep(Reporter.java:108)
at com.framework.selenium.api.base.SeleniumBase.takeSnap(SeleniumBase.java:906)
at com.framework.utils.Reporter.reportStep(Reporter.java:81)
at com.framework.utils.Reporter.reportStep(Reporter.java:108)
at com.framework.selenium.api.base.SeleniumBase.takeSnap(SeleniumBase.java:906)
at com.framework.utils.Reporter.reportStep(Reporter.java:81)
at com.framework.utils.Reporter.reportStep(Reporter.java:108)
at com.framework.selenium.api.base.SeleniumBase.takeSnap(SeleniumBase.java:906)
at com.framework.utils.Reporter.reportStep(Reporter.java:81)
at com.framework.utils.Reporter.reportStep(Reporter.java:108)
at com.framework.selenium.api.base.SeleniumBase.takeSnap(SeleniumBase.java:906)
at com.framework.utils.Reporter.reportStep(Reporter.java:81)
at com.framework.utils.Reporter.reportStep(Reporter.java:108)
at com.framework.selenium.api.base.SeleniumBase.takeSnap(SeleniumBase.java:906)
at com.framework.utils.Reporter.reportStep(Reporter.java:81)
at com.framework.utils.Reporter.reportStep(Reporter.java:108)
at com.framework.selenium.api.base.SeleniumBase.takeSnap(SeleniumBase.java:906)
at com.framework.utils.Reporter.reportStep(Reporter.java:81)
at com.framework.utils.Reporter.reportStep(Reporter.java:108)
at com.framework.selenium.api.base.SeleniumBase.takeSnap(SeleniumBase.java:906)
at com.framework.utils.Reporter.reportStep(Reporter.java:81)
at com.framework.utils.Reporter.reportStep(Reporter.java:108)
at com.framework.selenium.api.base.SeleniumBase.takeSnap(SeleniumBase.java:906)
at com.framework.utils.Reporter.reportStep(Reporter.java:81)
at com.framework.utils.Reporter.reportStep(Reporter.java:108)
at com.framework.selenium.api.base.SeleniumBase.takeSnap(SeleniumBase.java:906)
at com.framework.utils.Reporter.reportStep(Reporter.java:81)
at com.framework.utils.Reporter.reportStep(Reporter.java:108)
at com.framework.selenium.api.base.SeleniumBase.takeSnap(SeleniumBase.java:906)
at com.framework.utils.Reporter.reportStep(Reporter.java:81)
at com.framework.utils.Reporter.reportStep(Reporter.java:108)
at com.framework.selenium.api.base.SeleniumBase.takeSnap(SeleniumBase.java:906)
at com.framework.utils.Reporter.reportStep(Reporter.java:81)
at com.framework.utils.Reporter.reportStep(Reporter.java:108)
at com.framework.selenium.api.base.SeleniumBase.takeSnap(SeleniumBase.java:906)
at com.framework.utils.Reporter.reportStep(Reporter.java:81)
at com.framework.utils.Reporter.reportStep(Reporter.java:108)
at com.framework.selenium.api.base.SeleniumBase.takeSnap(SeleniumBase.java:906)
at com.framework.utils.Reporter.reportStep(Reporter.java:81)
at com.framework.utils.Reporter.reportStep(Reporter.java:108)
at com.framework.selenium.api.base.SeleniumBase.takeSnap(SeleniumBase.java:906)
at com.framework.utils.Reporter.reportStep(Reporter.java:81)
at com.framework.utils.Reporter.reportStep(Reporter.java:108)
at com.framework.selenium.api.base.SeleniumBase.takeSnap(SeleniumBase.java:906)
at com.framework.utils.Reporter.reportStep(Reporter.java:81)
at com.framework.utils.Reporter.reportStep(Reporter.java:108)
at com.framework.selenium.api.base.SeleniumBase.takeSnap(SeleniumBase.java:906)
at com.framework.utils.Reporter.reportStep(Reporter.java:81)
at com.framework.utils.Reporter.reportStep(Reporter.java:108)
at com.framework.selenium.api.base.SeleniumBase.takeSnap(SeleniumBase.java:906)
at com.framework.utils.Reporter.reportStep(Reporter.java:81)
at com.framework.utils.Reporter.reportStep(Reporter.java:108)
at com.framework.selenium.api.base.SeleniumBase.takeSnap(SeleniumBase.java:906)
at com.framework.utils.Reporter.reportStep(Reporter.java:81)
at com.framework.utils.Reporter.reportStep(Reporter.java:108)
at com.framework.selenium.api.base.SeleniumBase.takeSnap(SeleniumBase.java:906)
at com.framework.utils.Reporter.reportStep(Reporter.java:81)
at com.framework.utils.Reporter.reportStep(Reporter.java:108)
at com.framework.selenium.api.base.SeleniumBase.takeSnap(SeleniumBase.java:906)
at com.framework.utils.Reporter.reportStep(Reporter.java:81)
at com.framework.utils.Reporter.reportStep(Reporter.java:108)
at com.framework.selenium.api.base.SeleniumBase.takeSnap(SeleniumBase.java:906)
at com.framework.utils.Reporter.reportStep(Reporter.java:81)
at com.framework.utils.Reporter.reportStep(Reporter.java:108)
at com.framework.selenium.api.base.SeleniumBase.takeSnap(SeleniumBase.java:906)
at com.framework.utils.Reporter.reportStep(Reporter.java:81)
at com.framework.utils.Reporter.reportStep(Reporter.java:108)
at com.framework.selenium.api.base.SeleniumBase.takeSnap(SeleniumBase.java:906)
at com.framework.utils.Reporter.reportStep(Reporter.java:81)
at com.framework.utils.Reporter.reportStep(Reporter.java:108)
at com.framework.selenium.api.base.SeleniumBase.takeSnap(SeleniumBase.java:906)
at com.framework.utils.Reporter.reportStep(Reporter.java:81)
at com.framework.utils.Reporter.reportStep(Reporter.java:108)
at com.framework.selenium.api.base.SeleniumBase.takeSnap(SeleniumBase.java:906)
at com.framework.utils.Reporter.reportStep(Reporter.java:81)
at com.framework.utils.Reporter.reportStep(Reporter.java:108)
at com.framework.selenium.api.base.SeleniumBase.takeSnap(SeleniumBase.java:906)
at com.framework.utils.Reporter.reportStep(Reporter.java:81)
at com.framework.utils.Reporter.reportStep(Reporter.java:108)
at com.framework.selenium.api.base.SeleniumBase.takeSnap(SeleniumBase.java:906)
at com.framework.utils.Reporter.reportStep(Reporter.java:81)
at com.framework.utils.Reporter.reportStep(Reporter.java:108)
at com.framework.selenium.api.base.SeleniumBase.takeSnap(SeleniumBase.java:906)
at com.framework.utils.Reporter.reportStep(Reporter.java:81)
]]>
    </failure>
  </testcase> <!-- @BeforeMethod preCondition -->
  <testcase classname="com.framework.testng.api.base.ProjectSpecificMethods" name="@AfterMethod postCondition" time="-1.69694176846E9">
    <skipped/>
  </testcase> <!-- @AfterMethod postCondition -->
  <testcase classname="com.princeandblack.testcases.TC001_VerifyLogin" name="runLogin" time="0.0">
    <skipped/>
  </testcase> <!-- runLogin -->
</testsuite> <!-- Chromebrowser -->
