<?xml version="1.0" encoding="UTF-8"?>
<!-- Generated by org.testng.reporters.JUnitXMLReporter -->
<testsuite ignored="0" hostname="DESKTOP-JIEUPAU" failures="0" tests="1" name="edgetest" time="5.487" errors="0" timestamp="2023-10-10T17:06:17 IST">
  <testcase classname="com.framework.testng.api.base.ProjectSpecificMethods" name="@BeforeMethod preCondition" time="5.412">
    <failure type="java.lang.NullPointerException" message="Cannot invoke &amp;quot;com.aventstack.extentreports.ExtentTest.createNode(String)&amp;quot; because the return value of &amp;quot;java.lang.ThreadLocal.get()&amp;quot; is null">
      <![CDATA[java.lang.NullPointerException: Cannot invoke "com.aventstack.extentreports.ExtentTest.createNode(String)" because the return value of "java.lang.ThreadLocal.get()" is null
at com.framework.utils.Reporter.setNode(Reporter.java:67)
at com.framework.testng.api.base.ProjectSpecificMethods.preCondition(ProjectSpecificMethods.java:22)
at java.base/java.util.concurrent.ThreadPoolExecutor.runWorker(ThreadPoolExecutor.java:1136)
at java.base/java.util.concurrent.ThreadPoolExecutor$Worker.run(ThreadPoolExecutor.java:635)
at java.base/java.lang.Thread.run(Thread.java:833)
... Removed 16 stack frames]]>
    </failure>
  </testcase> <!-- @BeforeMethod preCondition -->
  <testcase classname="com.framework.testng.api.base.ProjectSpecificMethods" name="@AfterMethod postCondition" time="-1.69693777798E9">
    <skipped/>
  </testcase> <!-- @AfterMethod postCondition -->
  <testcase classname="com.princeandblack.testcases.TC001_VerifyLogin" name="runLogin" time="0.0">
    <skipped/>
  </testcase> <!-- runLogin -->
</testsuite> <!-- edgetest -->
