<?xml version="1.0" encoding="UTF-8"?>
<!-- Generated by org.testng.reporters.JUnitXMLReporter -->
<testsuite ignored="0" hostname="DESKTOP-JIEUPAU" failures="0" tests="1" name="Chrometest" time="0.749" errors="0" timestamp="2023-11-16T21:09:59 IST">
  <testcase classname="com.framework.testng.api.base.ProjectSpecificMethodsMob" name="@BeforeMethod preCondition" time="0.613">
    <failure type="java.lang.NoSuchMethodError" message="&amp;apos;com.google.common.collect.ImmutableMap com.google.common.collect.ImmutableMap.of(java.lang.Object, java.lang.Object, java.lang.Object, java.lang.Object, java.lang.Object, java.lang.Object, java.lang.Object, java.lang.Object, java.lang.Object, java.lang.Object, java.lang.Object, java.lang.Object)&amp;apos;">
      <![CDATA[java.lang.NoSuchMethodError: 'com.google.common.collect.ImmutableMap com.google.common.collect.ImmutableMap.of(java.lang.Object, java.lang.Object, java.lang.Object, java.lang.Object, java.lang.Object, java.lang.Object, java.lang.Object, java.lang.Object, java.lang.Object, java.lang.Object, java.lang.Object, java.lang.Object)'
at org.openqa.selenium.chrome.AddHasCasting.getAdditionalCommands(AddHasCasting.java:38)
at org.openqa.selenium.chrome.ChromeDriver$ChromeDriverCommandExecutor.getExtraCommands(ChromeDriver.java:120)
at org.openqa.selenium.chrome.ChromeDriver$ChromeDriverCommandExecutor.<init>(ChromeDriver.java:115)
at org.openqa.selenium.chrome.ChromeDriver.generateExecutor(ChromeDriver.java:105)
at org.openqa.selenium.chrome.ChromeDriver.<init>(ChromeDriver.java:88)
at org.openqa.selenium.chrome.ChromeDriver.<init>(ChromeDriver.java:83)
at org.openqa.selenium.chrome.ChromeDriver.<init>(ChromeDriver.java:51)
at com.framework.selenium.api.base.DriverInstance.setDriverMob(DriverInstance.java:60)
at com.framework.selenium.api.base.SeleniumBase.startAppMob(SeleniumBase.java:1052)
at com.framework.testng.api.base.ProjectSpecificMethodsMob.preCondition(ProjectSpecificMethodsMob.java:28)
at java.base/java.util.ArrayList.forEach(ArrayList.java:1511)
... Removed 31 stack frames]]>
    </failure>
  </testcase> <!-- @BeforeMethod preCondition -->
  <testcase classname="com.framework.testng.api.base.ProjectSpecificMethodsMob" name="@AfterMethod postCondition" time="-1.700149199516E9">
    <skipped/>
  </testcase> <!-- @AfterMethod postCondition -->
  <testcase classname="com.princeandblack.testcases.TC002_VerifyLoginMobile" name="runLogin1" time="0.0">
    <skipped/>
  </testcase> <!-- runLogin1 -->
</testsuite> <!-- Chrometest -->
